This file contains any messages produced by compilers while
running configure, to aid debugging if configure makes a mistake.

It was created by libffi configure 3.4.6, which was
generated by GNU Autoconf 2.72.  Invocation command line was

  $ .././configure --srcdir=.. --enable-builddir=loongarch32r-buildroot-linux-gnu --target=loongarch32r-buildroot-linux-gnu --host=loongarch32r-buildroot-linux-gnu --build=x86_64-pc-linux-gnu --prefix=/usr --exec-prefix=/usr --sysconfdir=/etc --localstatedir=/var --program-prefix= --disable-gtk-doc --disable-gtk-doc-html --disable-doc --disable-docs --disable-documentation --with-xmlto=no --with-fop=no --disable-dependency-tracking --enable-ipv6 --disable-nls --disable-static --enable-shared --disable-multi-os-directory --disable-exec-static-tramp build_alias=x86_64-pc-linux-gnu host_alias=loongarch32r-buildroot-linux-gnu target_alias=loongarch32r-buildroot-linux-gnu 'CPPFLAGS=-D_LARGEFILE_SOURCE -D_LARGEFILE64_SOURCE -D_FILE_OFFSET_BITS=64'

## --------- ##
## Platform. ##
## --------- ##

hostname = device
uname -m = x86_64
uname -r = 6.6.87.2-microsoft-standard-WSL2
uname -s = Linux
uname -v = #1 SMP PREEMPT_DYNAMIC Thu Jun  5 18:30:46 UTC 2025

/usr/bin/uname -p = x86_64
/bin/uname -X     = unknown

/bin/arch              = x86_64
/usr/bin/arch -k       = unknown
/usr/convex/getsysinfo = unknown
/usr/bin/hostinfo      = unknown
/bin/machine           = unknown
/usr/bin/oslevel       = unknown
/bin/universe          = unknown

PATH: /home/pigkiller/LoongArch/OS/buildroot/output/host/bin/
PATH: /home/pigkiller/LoongArch/OS/buildroot/output/host/sbin/
PATH: /home/pigkiller/mambaforge/bin/
PATH: /home/pigkiller/software/la-qemu/
PATH: /home/pigkiller/software/loong-toolchain/bin/
PATH: /opt/riscv64/bin/
PATH: /home/pigkiller/software/loong-toolchain/bin/
PATH: /home/pigkiller/anaconda3/bin/
PATH: /home/pigkiller/.cursor-server/bin/faa03b17cce93e8a80b7d62d57f5eda6bb6ab9f0/bin/remote-cli/
PATH: /home/pigkiller/mambaforge/bin/
PATH: /home/pigkiller/software/la-qemu/
PATH: /home/pigkiller/software/loong-toolchain/bin/
PATH: /opt/riscv64/bin/
PATH: /home/pigkiller/software/loong-toolchain/bin/
PATH: /home/pigkiller/anaconda3/bin/
PATH: /home/pigkiller/anaconda3/condabin/
PATH: /home/pigkiller/.nvm/versions/node/v22.4.0/bin/
PATH: /home/pigkiller/anaconda3/bin/
PATH: /home/pigkiller/.cargo/bin/
PATH: /home/pigkiller/.cursor-server/bin/faa03b17cce93e8a80b7d62d57f5eda6bb6ab9f0/bin/remote-cli/
PATH: /usr/local/sbin/
PATH: /usr/local/bin/
PATH: /usr/sbin/
PATH: /usr/bin/
PATH: /sbin/
PATH: /bin/
PATH: /usr/games/
PATH: /usr/local/games/
PATH: /usr/lib/wsl/lib/
PATH: /mnt/c/Windows/System64/
PATH: /mnt/h/Environment/Java/JDK17/bin/
PATH: /mnt/h/Environment/Java/JDK17/jre/bin/
PATH: /mnt/d/texlive/2023/bin/windows/
PATH: /mnt/h/Environment/Java/JDK17/bin/
PATH: /mnt/h/Environment/Java/JDK17/jre/bin/
PATH: /mnt/h/texlive/texlive/2023/bin/windows/
PATH: /mnt/c/Windows/system32/
PATH: /mnt/c/Windows/
PATH: /mnt/c/Windows/System32/Wbem/
PATH: /mnt/c/Windows/System32/WindowsPowerShell/v1.0/
PATH: /mnt/c/Windows/System32/OpenSSH/
PATH: /mnt/d/bandzip/Bandizip/
PATH: /mnt/h/texlive/2022/
PATH: /mnt/d/ctex/MiKTeX/miktex/bin/x64/
PATH: /mnt/c/WINDOWS/system32/
PATH: /mnt/c/WINDOWS/
PATH: /mnt/c/WINDOWS/System32/Wbem/
PATH: /mnt/c/WINDOWS/System32/WindowsPowerShell/v1.0/
PATH: /mnt/c/WINDOWS/System32/OpenSSH/
PATH: /mnt/h/Software/Matlab/runtime/win64/
PATH: /mnt/h/Software/Matlab/bin/
PATH: /mnt/d/ctex/UserData/miktex/bin/
PATH: /mnt/d/ctex/CTeX/ctex/bin/
PATH: /mnt/d/ctex/CTeX/cct/bin/
PATH: /mnt/c/ProgramData/chocolatey/bin/
PATH: /mnt/d/iVerilog/iverilog/bin/
PATH: /mnt/c/MinGW12.1.0/bin/
PATH: /mnt/h/Software/Anaconda/
PATH: /mnt/h/Software/Anaconda/Scripts/
PATH: /mnt/h/Software/Anaconda/Library/mingw-w64/bin/
PATH: /mnt/h/Software/Anaconda/Library/usr/bin/
PATH: /mnt/h/Software/Anaconda/Library/bin/
PATH: /mnt/h/Software/Xshell/
PATH: /mnt/h/Software/Xftp/
PATH: /mnt/h/git/Git/cmd/
PATH: /mnt/h/pythonEnvironment/Python311/Scripts/
PATH: /mnt/h/pythonEnvironment/Python311/
PATH: /mnt/h/pythonEnvironment/Python38/Scripts/
PATH: /mnt/h/pythonEnvironment/Python38/
PATH: /mnt/h/pythonEnvironment/Python36/Scripts/
PATH: /mnt/h/pythonEnvironment/Python36/
PATH: /mnt/d/ctex/MiKTeX/miktex/bin/x64/
PATH: /mnt/d/iVerilog/iverilog/bin/
PATH: /mnt/d/iVerilog/iverilog/gtkwave/bin/
PATH: /mnt/c/MinGW12.1.0/bin/
PATH: /home/pigkiller/.local/bin/
PATH: /home/pigkiller/.local/bin/
PATH: /usr/local/cuda-12.4/bin/
PATH: /home/pigkiller/.local/bin/
PATH: /usr/local/cuda-12.4/bin/


## ----------- ##
## Core tests. ##
## ----------- ##

configure:3040: looking for aux files: ltmain.sh compile missing install-sh config.guess config.sub
configure:3053:  trying ../
configure:3082:   ../ltmain.sh found
configure:3082:   ../compile found
configure:3082:   ../missing found
configure:3064:   ../install-sh found
configure:3082:   ../config.guess found
configure:3082:   ../config.sub found
configure:3204: checking build system type
configure:3220: result: x86_64-pc-linux-gnu
configure:3240: checking host system type
configure:3255: result: loongarch32r-buildroot-linux-gnu
configure:3275: checking target system type
configure:3290: result: loongarch32r-buildroot-linux-gnu
configure:3389: checking for gsed
configure:3426: result: sed
configure:3455: checking for a BSD-compatible install
configure:3529: result: /usr/bin/install -c
configure:3540: checking whether build environment is sane
configure:3595: result: yes
configure:3647: checking for loongarch32r-buildroot-linux-gnu-strip
configure:3680: result: /home/pigkiller/LoongArch/OS/buildroot/output/host/bin/loongarch32r-linux-gnusf-strip
configure:3752: checking for a race-free mkdir -p
configure:3795: result: /usr/bin/mkdir -p
configure:3802: checking for gawk
configure:3823: found /usr/bin/gawk
configure:3835: result: gawk
configure:3846: checking whether make sets $(MAKE)
configure:3870: result: yes
configure:3900: checking whether make supports nested variables
configure:3919: result: yes
configure:4083: checking for loongarch32r-buildroot-linux-gnu-gcc
configure:4116: result: /home/pigkiller/LoongArch/OS/buildroot/output/host/bin/loongarch32r-linux-gnusf-gcc
configure:4521: checking for C compiler version
configure:4530: /home/pigkiller/LoongArch/OS/buildroot/output/host/bin/loongarch32r-linux-gnusf-gcc --version >&5
loongarch32r-linux-gnusf-gcc (LoongArch GNU toolchain LA32 v2.0 (20230903)) 8.3.0
Copyright (C) 2018 Free Software Foundation, Inc.
This is free software; see the source for copying conditions.  There is NO
warranty; not even for MERCHANTABILITY or FITNESS FOR A PARTICULAR PURPOSE.

configure:4541: $? = 0
configure:4530: /home/pigkiller/LoongArch/OS/buildroot/output/host/bin/loongarch32r-linux-gnusf-gcc -v >&5
Using built-in specs.
COLLECT_GCC=/home/pigkiller/software/loong-toolchain/bin/loongarch32r-linux-gnusf-gcc
COLLECT_LTO_WRAPPER=/home/pigkiller/software/loong-toolchain/bin/../libexec/gcc/loongarch32r-linux-gnusf/8.3.0/lto-wrapper
Target: loongarch32r-linux-gnusf
Configured with: /dev/shm/build_loongarch32r-linux-gnusf_x86_64_v2.0_20230903/src/target_gcc/configure --build=x86_64-redhat-linux --host=x86_64-linux-gnu --target=loongarch32r-linux-gnusf --prefix=/dev/shm/build_loongarch32r-linux-gnusf_x86_64_v2.0_20230903/build-canadian/root/usr --with-sysroot=/dev/shm/build_loongarch32r-linux-gnusf_x86_64_v2.0_20230903/build-canadian/root/usr/loongarch32r-linux-gnusf/sysroot --with-native-system-header-dir=/usr/include --with-gxx-include-dir=/dev/shm/build_loongarch32r-linux-gnusf_x86_64_v2.0_20230903/build-canadian/root/usr/loongarch32r-linux-gnusf/sysroot/usr/include/c++ --enable-languages=c,c++,fortran --with-build-sysroot= --disable-libstdcxx --disable-libgfortran --disable-libgomp --enable-libcc1 --enable-threads=posix --enable-__cxa_atexit --enable-initfini-array --enable-nls --disable-libmpx --disable-bootstrap --with-abi=ilp32s --enable-checking=release --with-pkgversion='LoongArch GNU toolchain LA32 v2.0 (20230903)'
Thread model: posix
gcc version 8.3.0 (LoongArch GNU toolchain LA32 v2.0 (20230903)) 
COMPILER_PATH=/home/pigkiller/software/loong-toolchain/bin/../libexec/gcc/loongarch32r-linux-gnusf/8.3.0/:/home/pigkiller/software/loong-toolchain/bin/../libexec/gcc/:/home/pigkiller/software/loong-toolchain/bin/../lib/gcc/loongarch32r-linux-gnusf/8.3.0/../../../../loongarch32r-linux-gnusf/bin/
LIBRARY_PATH=/home/pigkiller/LoongArch/OS/buildroot/output/host/loongarch32r-buildroot-linux-gnu/sysroot/lib/../lib32/sf/:/home/pigkiller/LoongArch/OS/buildroot/output/host/loongarch32r-buildroot-linux-gnu/sysroot/usr/lib/../lib32/sf/:/home/pigkiller/software/loong-toolchain/bin/../lib/gcc/loongarch32r-linux-gnusf/8.3.0/:/home/pigkiller/software/loong-toolchain/bin/../lib/gcc/:/home/pigkiller/software/loong-toolchain/bin/../lib/gcc/loongarch32r-linux-gnusf/8.3.0/../../../../loongarch32r-linux-gnusf/lib/:/home/pigkiller/LoongArch/OS/buildroot/output/host/loongarch32r-buildroot-linux-gnu/sysroot/lib/:/home/pigkiller/LoongArch/OS/buildroot/output/host/loongarch32r-buildroot-linux-gnu/sysroot/usr/lib/
COLLECT_GCC_OPTIONS= '-fstack-protector-strong' '-fPIE' '-pie' '-v' '-mabi=ilp32s' '-march=loongarch32r' '-mfpu=none' '-msimd=none' '-mcmodel=normal' '-mtune=loongarch32r'
... rest of stderr output deleted ...
configure:4541: $? = 1
configure:4530: /home/pigkiller/LoongArch/OS/buildroot/output/host/bin/loongarch32r-linux-gnusf-gcc -V >&5
loongarch32r-linux-gnusf-gcc: error: unrecognized command line option '-V'
configure:4541: $? = 1
configure:4530: /home/pigkiller/LoongArch/OS/buildroot/output/host/bin/loongarch32r-linux-gnusf-gcc -qversion >&5
loongarch32r-linux-gnusf-gcc: error: unrecognized command line option '-qversion'; did you mean '--version'?
configure:4541: $? = 1
configure:4530: /home/pigkiller/LoongArch/OS/buildroot/output/host/bin/loongarch32r-linux-gnusf-gcc -version >&5
loongarch32r-linux-gnusf-gcc: error: unrecognized command line option '-version'
configure:4541: $? = 1
configure:4561: checking whether the C compiler works
configure:4583: /home/pigkiller/LoongArch/OS/buildroot/output/host/bin/loongarch32r-linux-gnusf-gcc -D_LARGEFILE_SOURCE -D_LARGEFILE64_SOURCE -D_FILE_OFFSET_BITS=64  -O2 -g0 -D_FORTIFY_SOURCE=1 -D_LARGEFILE_SOURCE -D_LARGEFILE64_SOURCE -D_FILE_OFFSET_BITS=64  conftest.c  >&5
configure:4587: $? = 0
configure:4638: result: yes
configure:4642: checking for C compiler default output file name
configure:4644: result: a.out
configure:4650: checking for suffix of executables
configure:4657: /home/pigkiller/LoongArch/OS/buildroot/output/host/bin/loongarch32r-linux-gnusf-gcc -o conftest -D_LARGEFILE_SOURCE -D_LARGEFILE64_SOURCE -D_FILE_OFFSET_BITS=64  -O2 -g0 -D_FORTIFY_SOURCE=1 -D_LARGEFILE_SOURCE -D_LARGEFILE64_SOURCE -D_FILE_OFFSET_BITS=64  conftest.c  >&5
configure:4661: $? = 0
configure:4685: result: 
configure:4709: checking whether we are cross compiling
configure:4747: result: yes
configure:4753: checking for suffix of object files
configure:4776: /home/pigkiller/LoongArch/OS/buildroot/output/host/bin/loongarch32r-linux-gnusf-gcc -c -D_LARGEFILE_SOURCE -D_LARGEFILE64_SOURCE -D_FILE_OFFSET_BITS=64  -O2 -g0 -D_FORTIFY_SOURCE=1 -D_LARGEFILE_SOURCE -D_LARGEFILE64_SOURCE -D_FILE_OFFSET_BITS=64 conftest.c >&5
configure:4780: $? = 0
configure:4804: result: o
configure:4808: checking whether the compiler supports GNU C
configure:4828: /home/pigkiller/LoongArch/OS/buildroot/output/host/bin/loongarch32r-linux-gnusf-gcc -c -D_LARGEFILE_SOURCE -D_LARGEFILE64_SOURCE -D_FILE_OFFSET_BITS=64  -O2 -g0 -D_FORTIFY_SOURCE=1 -D_LARGEFILE_SOURCE -D_LARGEFILE64_SOURCE -D_FILE_OFFSET_BITS=64 conftest.c >&5
configure:4828: $? = 0
configure:4840: result: yes
configure:4851: checking whether /home/pigkiller/LoongArch/OS/buildroot/output/host/bin/loongarch32r-linux-gnusf-gcc accepts -g
configure:4872: /home/pigkiller/LoongArch/OS/buildroot/output/host/bin/loongarch32r-linux-gnusf-gcc -c -g -D_LARGEFILE_SOURCE -D_LARGEFILE64_SOURCE -D_FILE_OFFSET_BITS=64 conftest.c >&5
configure:4872: $? = 0
configure:4919: result: yes
configure:4939: checking for /home/pigkiller/LoongArch/OS/buildroot/output/host/bin/loongarch32r-linux-gnusf-gcc option to enable C11 features
configure:4954: /home/pigkiller/LoongArch/OS/buildroot/output/host/bin/loongarch32r-linux-gnusf-gcc  -c -D_LARGEFILE_SOURCE -D_LARGEFILE64_SOURCE -D_FILE_OFFSET_BITS=64  -O2 -g0 -D_FORTIFY_SOURCE=1 -D_LARGEFILE_SOURCE -D_LARGEFILE64_SOURCE -D_FILE_OFFSET_BITS=64 conftest.c >&5
configure:4954: $? = 0
configure:4973: result: none needed
configure:5097: checking whether /home/pigkiller/LoongArch/OS/buildroot/output/host/bin/loongarch32r-linux-gnusf-gcc understands -c and -o together
configure:5120: /home/pigkiller/LoongArch/OS/buildroot/output/host/bin/loongarch32r-linux-gnusf-gcc -c conftest.c -o conftest2.o
configure:5123: $? = 0
configure:5120: /home/pigkiller/LoongArch/OS/buildroot/output/host/bin/loongarch32r-linux-gnusf-gcc -c conftest.c -o conftest2.o
configure:5123: $? = 0
configure:5136: result: yes
configure:5156: checking whether make supports the include directive
configure:5171: make -f confmf.GNU && cat confinc.out
make[1]: Entering directory '/home/pigkiller/LoongArch/OS/buildroot/output/build/libffi-3.4.6/loongarch32r-buildroot-linux-gnu'
make[1]: Leaving directory '/home/pigkiller/LoongArch/OS/buildroot/output/build/libffi-3.4.6/loongarch32r-buildroot-linux-gnu'
this is the am__doit target
configure:5174: $? = 0
configure:5193: result: yes (GNU style)
configure:5219: checking dependency style of /home/pigkiller/LoongArch/OS/buildroot/output/host/bin/loongarch32r-linux-gnusf-gcc
configure:5332: result: none
configure:5477: checking for C++ compiler version
configure:5486: /home/pigkiller/LoongArch/OS/buildroot/output/host/bin/loongarch32r-linux-gnusf-g++ --version >&5
loongarch32r-linux-gnusf-g++ (LoongArch GNU toolchain LA32 v2.0 (20230903)) 8.3.0
Copyright (C) 2018 Free Software Foundation, Inc.
This is free software; see the source for copying conditions.  There is NO
warranty; not even for MERCHANTABILITY or FITNESS FOR A PARTICULAR PURPOSE.

configure:5497: $? = 0
configure:5486: /home/pigkiller/LoongArch/OS/buildroot/output/host/bin/loongarch32r-linux-gnusf-g++ -v >&5
Using built-in specs.
COLLECT_GCC=/home/pigkiller/software/loong-toolchain/bin/loongarch32r-linux-gnusf-g++
COLLECT_LTO_WRAPPER=/home/pigkiller/software/loong-toolchain/bin/../libexec/gcc/loongarch32r-linux-gnusf/8.3.0/lto-wrapper
Target: loongarch32r-linux-gnusf
Configured with: /dev/shm/build_loongarch32r-linux-gnusf_x86_64_v2.0_20230903/src/target_gcc/configure --build=x86_64-redhat-linux --host=x86_64-linux-gnu --target=loongarch32r-linux-gnusf --prefix=/dev/shm/build_loongarch32r-linux-gnusf_x86_64_v2.0_20230903/build-canadian/root/usr --with-sysroot=/dev/shm/build_loongarch32r-linux-gnusf_x86_64_v2.0_20230903/build-canadian/root/usr/loongarch32r-linux-gnusf/sysroot --with-native-system-header-dir=/usr/include --with-gxx-include-dir=/dev/shm/build_loongarch32r-linux-gnusf_x86_64_v2.0_20230903/build-canadian/root/usr/loongarch32r-linux-gnusf/sysroot/usr/include/c++ --enable-languages=c,c++,fortran --with-build-sysroot= --disable-libstdcxx --disable-libgfortran --disable-libgomp --enable-libcc1 --enable-threads=posix --enable-__cxa_atexit --enable-initfini-array --enable-nls --disable-libmpx --disable-bootstrap --with-abi=ilp32s --enable-checking=release --with-pkgversion='LoongArch GNU toolchain LA32 v2.0 (20230903)'
Thread model: posix
gcc version 8.3.0 (LoongArch GNU toolchain LA32 v2.0 (20230903)) 
COMPILER_PATH=/home/pigkiller/software/loong-toolchain/bin/../libexec/gcc/loongarch32r-linux-gnusf/8.3.0/:/home/pigkiller/software/loong-toolchain/bin/../libexec/gcc/:/home/pigkiller/software/loong-toolchain/bin/../lib/gcc/loongarch32r-linux-gnusf/8.3.0/../../../../loongarch32r-linux-gnusf/bin/
LIBRARY_PATH=/home/pigkiller/LoongArch/OS/buildroot/output/host/loongarch32r-buildroot-linux-gnu/sysroot/lib/../lib32/sf/:/home/pigkiller/LoongArch/OS/buildroot/output/host/loongarch32r-buildroot-linux-gnu/sysroot/usr/lib/../lib32/sf/:/home/pigkiller/software/loong-toolchain/bin/../lib/gcc/loongarch32r-linux-gnusf/8.3.0/:/home/pigkiller/software/loong-toolchain/bin/../lib/gcc/:/home/pigkiller/software/loong-toolchain/bin/../lib/gcc/loongarch32r-linux-gnusf/8.3.0/../../../../loongarch32r-linux-gnusf/lib/:/home/pigkiller/LoongArch/OS/buildroot/output/host/loongarch32r-buildroot-linux-gnu/sysroot/lib/:/home/pigkiller/LoongArch/OS/buildroot/output/host/loongarch32r-buildroot-linux-gnu/sysroot/usr/lib/
COLLECT_GCC_OPTIONS= '-fstack-protector-strong' '-fPIE' '-pie' '-v' '-shared-libgcc' '-mabi=ilp32s' '-march=loongarch32r' '-mfpu=none' '-msimd=none' '-mcmodel=normal' '-mtune=loongarch32r'
... rest of stderr output deleted ...
configure:5497: $? = 1
configure:5486: /home/pigkiller/LoongArch/OS/buildroot/output/host/bin/loongarch32r-linux-gnusf-g++ -V >&5
loongarch32r-linux-gnusf-g++: error: unrecognized command line option '-V'
configure:5497: $? = 1
configure:5486: /home/pigkiller/LoongArch/OS/buildroot/output/host/bin/loongarch32r-linux-gnusf-g++ -qversion >&5
loongarch32r-linux-gnusf-g++: error: unrecognized command line option '-qversion'; did you mean '--version'?
configure:5497: $? = 1
configure:5501: checking whether the compiler supports GNU C++
configure:5521: /home/pigkiller/LoongArch/OS/buildroot/output/host/bin/loongarch32r-linux-gnusf-g++ -c -D_LARGEFILE_SOURCE -D_LARGEFILE64_SOURCE -D_FILE_OFFSET_BITS=64  -O2 -g0 -D_FORTIFY_SOURCE=1 -D_LARGEFILE_SOURCE -D_LARGEFILE64_SOURCE -D_FILE_OFFSET_BITS=64 conftest.cpp >&5
configure:5521: $? = 0
configure:5533: result: yes
configure:5544: checking whether /home/pigkiller/LoongArch/OS/buildroot/output/host/bin/loongarch32r-linux-gnusf-g++ accepts -g
configure:5565: /home/pigkiller/LoongArch/OS/buildroot/output/host/bin/loongarch32r-linux-gnusf-g++ -c -g -D_LARGEFILE_SOURCE -D_LARGEFILE64_SOURCE -D_FILE_OFFSET_BITS=64 conftest.cpp >&5
configure:5565: $? = 0
configure:5612: result: yes
configure:5632: checking for /home/pigkiller/LoongArch/OS/buildroot/output/host/bin/loongarch32r-linux-gnusf-g++ option to enable C++11 features
configure:5647: /home/pigkiller/LoongArch/OS/buildroot/output/host/bin/loongarch32r-linux-gnusf-g++  -c -D_LARGEFILE_SOURCE -D_LARGEFILE64_SOURCE -D_FILE_OFFSET_BITS=64  -O2 -g0 -D_FORTIFY_SOURCE=1 -D_LARGEFILE_SOURCE -D_LARGEFILE64_SOURCE -D_FILE_OFFSET_BITS=64 conftest.cpp >&5
configure:5647: $? = 0
configure:5666: result: none needed
configure:5737: checking dependency style of /home/pigkiller/LoongArch/OS/buildroot/output/host/bin/loongarch32r-linux-gnusf-g++
configure:5850: result: none
configure:5880: checking dependency style of /home/pigkiller/LoongArch/OS/buildroot/output/host/bin/loongarch32r-linux-gnusf-gcc
configure:5991: result: none
configure:6007: checking for grep that handles long lines and -e
configure:6073: result: /usr/bin/grep
configure:6078: checking for egrep
configure:6148: result: /usr/bin/grep -E
configure:6202: checking how to print strings
configure:6229: result: printf
configure:6250: checking for a sed that does not truncate output
configure:6322: result: /usr/bin/sed
configure:6340: checking for fgrep
configure:6410: result: /usr/bin/grep -F
configure:6447: checking for ld used by /home/pigkiller/LoongArch/OS/buildroot/output/host/bin/loongarch32r-linux-gnusf-gcc
configure:6516: result: /home/pigkiller/LoongArch/OS/buildroot/output/host/bin/loongarch32r-linux-gnusf-ld
configure:6523: checking if the linker (/home/pigkiller/LoongArch/OS/buildroot/output/host/bin/loongarch32r-linux-gnusf-ld) is GNU ld
configure:6540: result: yes
configure:6552: checking for BSD- or MS-compatible name lister (nm)
configure:6608: result: /home/pigkiller/LoongArch/OS/buildroot/output/host/bin/loongarch32r-linux-gnusf-nm
configure:6750: checking the name lister (/home/pigkiller/LoongArch/OS/buildroot/output/host/bin/loongarch32r-linux-gnusf-nm) interface
configure:6758: /home/pigkiller/LoongArch/OS/buildroot/output/host/bin/loongarch32r-linux-gnusf-gcc -c -D_LARGEFILE_SOURCE -D_LARGEFILE64_SOURCE -D_FILE_OFFSET_BITS=64  -O2 -g0 -D_FORTIFY_SOURCE=1 -D_LARGEFILE_SOURCE -D_LARGEFILE64_SOURCE -D_FILE_OFFSET_BITS=64 conftest.c >&5
configure:6761: /home/pigkiller/LoongArch/OS/buildroot/output/host/bin/loongarch32r-linux-gnusf-nm "conftest.o"
configure:6764: output
00000000 B some_variable
configure:6772: result: BSD nm
configure:6775: checking whether ln -s works
configure:6779: result: yes
configure:6787: checking the maximum length of command line arguments
configure:6920: result: 1572864
configure:6968: checking how to convert x86_64-pc-linux-gnu file names to loongarch32r-buildroot-linux-gnu format
configure:7010: result: func_convert_file_noop
configure:7017: checking how to convert x86_64-pc-linux-gnu file names to toolchain format
configure:7039: result: func_convert_file_noop
configure:7046: checking for /home/pigkiller/LoongArch/OS/buildroot/output/host/bin/loongarch32r-linux-gnusf-ld option to reload object files
configure:7055: result: -r
configure:7089: checking for loongarch32r-buildroot-linux-gnu-objdump
configure:7122: result: /home/pigkiller/LoongArch/OS/buildroot/output/host/bin/loongarch32r-linux-gnusf-objdump
configure:7200: checking how to recognize dependent libraries
configure:7402: result: pass_all
configure:7447: checking for loongarch32r-buildroot-linux-gnu-dlltool
configure:7483: result: no
configure:7493: checking for dlltool
configure:7529: result: no
configure:7559: checking how to associate runtime and link libraries
configure:7588: result: printf %s\n
configure:7605: checking for loongarch32r-buildroot-linux-gnu-ar
configure:7638: result: /home/pigkiller/LoongArch/OS/buildroot/output/host/bin/loongarch32r-linux-gnusf-ar
configure:7725: checking for archiver @FILE support
configure:7743: /home/pigkiller/LoongArch/OS/buildroot/output/host/bin/loongarch32r-linux-gnusf-gcc -c -D_LARGEFILE_SOURCE -D_LARGEFILE64_SOURCE -D_FILE_OFFSET_BITS=64  -O2 -g0 -D_FORTIFY_SOURCE=1 -D_LARGEFILE_SOURCE -D_LARGEFILE64_SOURCE -D_FILE_OFFSET_BITS=64 conftest.c >&5
configure:7743: $? = 0
configure:7747: /home/pigkiller/LoongArch/OS/buildroot/output/host/bin/loongarch32r-linux-gnusf-ar cru libconftest.a @conftest.lst >&5
/home/pigkiller/LoongArch/OS/buildroot/output/host/bin/loongarch32r-linux-gnusf-ar: `u' modifier ignored since `D' is the default (see `U')
configure:7750: $? = 0
configure:7755: /home/pigkiller/LoongArch/OS/buildroot/output/host/bin/loongarch32r-linux-gnusf-ar cru libconftest.a @conftest.lst >&5
/home/pigkiller/LoongArch/OS/buildroot/output/host/bin/loongarch32r-linux-gnusf-ar: `u' modifier ignored since `D' is the default (see `U')
/home/pigkiller/LoongArch/OS/buildroot/output/host/bin/loongarch32r-linux-gnusf-ar: conftest.o: No such file or directory
configure:7758: $? = 1
configure:7771: result: @
configure:7789: checking for loongarch32r-buildroot-linux-gnu-strip
configure:7822: result: /home/pigkiller/LoongArch/OS/buildroot/output/host/bin/loongarch32r-linux-gnusf-strip
configure:7900: checking for loongarch32r-buildroot-linux-gnu-ranlib
configure:7933: result: /home/pigkiller/LoongArch/OS/buildroot/output/host/bin/loongarch32r-linux-gnusf-ranlib
configure:8081: checking command to parse /home/pigkiller/LoongArch/OS/buildroot/output/host/bin/loongarch32r-linux-gnusf-nm output from /home/pigkiller/LoongArch/OS/buildroot/output/host/bin/loongarch32r-linux-gnusf-gcc object
configure:8235: /home/pigkiller/LoongArch/OS/buildroot/output/host/bin/loongarch32r-linux-gnusf-gcc -c -D_LARGEFILE_SOURCE -D_LARGEFILE64_SOURCE -D_FILE_OFFSET_BITS=64  -O2 -g0 -D_FORTIFY_SOURCE=1 -D_LARGEFILE_SOURCE -D_LARGEFILE64_SOURCE -D_FILE_OFFSET_BITS=64 conftest.c >&5
configure:8238: $? = 0
configure:8242: /home/pigkiller/LoongArch/OS/buildroot/output/host/bin/loongarch32r-linux-gnusf-nm conftest.o \| sed -n -e 's/^.*[ ]\([ABCDGIRSTW][ABCDGIRSTW]*\)[ ][ ]*\([_A-Za-z][_A-Za-z0-9]*\)$/\1 \2 \2/p' | sed '/ __gnu_lto/d' \> conftest.nm
configure:8245: $? = 0
configure:8311: /home/pigkiller/LoongArch/OS/buildroot/output/host/bin/loongarch32r-linux-gnusf-gcc -o conftest -D_LARGEFILE_SOURCE -D_LARGEFILE64_SOURCE -D_FILE_OFFSET_BITS=64  -O2 -g0 -D_FORTIFY_SOURCE=1 -D_LARGEFILE_SOURCE -D_LARGEFILE64_SOURCE -D_FILE_OFFSET_BITS=64  conftest.c conftstm.o >&5
configure:8314: $? = 0
configure:8353: result: ok
configure:8400: checking for sysroot
configure:8432: result: no
configure:8439: checking for a working dd
configure:8484: result: /usr/bin/dd
configure:8488: checking how to truncate binary pipes
configure:8505: result: /usr/bin/dd bs=4096 count=1
configure:8799: checking for loongarch32r-buildroot-linux-gnu-mt
configure:8835: result: no
configure:8845: checking for mt
configure:8866: found /usr/bin/mt
configure:8878: result: mt
configure:8890: WARNING: using cross tools not prefixed with host triplet
configure:8901: checking if mt is a manifest tool
configure:8908: mt '-?'
configure:8917: result: no
configure:9661: checking for stdio.h
configure:9661: /home/pigkiller/LoongArch/OS/buildroot/output/host/bin/loongarch32r-linux-gnusf-gcc -c -D_LARGEFILE_SOURCE -D_LARGEFILE64_SOURCE -D_FILE_OFFSET_BITS=64  -O2 -g0 -D_FORTIFY_SOURCE=1 -D_LARGEFILE_SOURCE -D_LARGEFILE64_SOURCE -D_FILE_OFFSET_BITS=64 conftest.c >&5
configure:9661: $? = 0
configure:9661: result: yes
configure:9661: checking for stdlib.h
configure:9661: /home/pigkiller/LoongArch/OS/buildroot/output/host/bin/loongarch32r-linux-gnusf-gcc -c -D_LARGEFILE_SOURCE -D_LARGEFILE64_SOURCE -D_FILE_OFFSET_BITS=64  -O2 -g0 -D_FORTIFY_SOURCE=1 -D_LARGEFILE_SOURCE -D_LARGEFILE64_SOURCE -D_FILE_OFFSET_BITS=64 conftest.c >&5
configure:9661: $? = 0
configure:9661: result: yes
configure:9661: checking for string.h
configure:9661: /home/pigkiller/LoongArch/OS/buildroot/output/host/bin/loongarch32r-linux-gnusf-gcc -c -D_LARGEFILE_SOURCE -D_LARGEFILE64_SOURCE -D_FILE_OFFSET_BITS=64  -O2 -g0 -D_FORTIFY_SOURCE=1 -D_LARGEFILE_SOURCE -D_LARGEFILE64_SOURCE -D_FILE_OFFSET_BITS=64 conftest.c >&5
configure:9661: $? = 0
configure:9661: result: yes
configure:9661: checking for inttypes.h
configure:9661: /home/pigkiller/LoongArch/OS/buildroot/output/host/bin/loongarch32r-linux-gnusf-gcc -c -D_LARGEFILE_SOURCE -D_LARGEFILE64_SOURCE -D_FILE_OFFSET_BITS=64  -O2 -g0 -D_FORTIFY_SOURCE=1 -D_LARGEFILE_SOURCE -D_LARGEFILE64_SOURCE -D_FILE_OFFSET_BITS=64 conftest.c >&5
configure:9661: $? = 0
configure:9661: result: yes
configure:9661: checking for stdint.h
configure:9661: /home/pigkiller/LoongArch/OS/buildroot/output/host/bin/loongarch32r-linux-gnusf-gcc -c -D_LARGEFILE_SOURCE -D_LARGEFILE64_SOURCE -D_FILE_OFFSET_BITS=64  -O2 -g0 -D_FORTIFY_SOURCE=1 -D_LARGEFILE_SOURCE -D_LARGEFILE64_SOURCE -D_FILE_OFFSET_BITS=64 conftest.c >&5
configure:9661: $? = 0
configure:9661: result: yes
configure:9661: checking for strings.h
configure:9661: /home/pigkiller/LoongArch/OS/buildroot/output/host/bin/loongarch32r-linux-gnusf-gcc -c -D_LARGEFILE_SOURCE -D_LARGEFILE64_SOURCE -D_FILE_OFFSET_BITS=64  -O2 -g0 -D_FORTIFY_SOURCE=1 -D_LARGEFILE_SOURCE -D_LARGEFILE64_SOURCE -D_FILE_OFFSET_BITS=64 conftest.c >&5
configure:9661: $? = 0
configure:9661: result: yes
configure:9661: checking for sys/stat.h
configure:9661: /home/pigkiller/LoongArch/OS/buildroot/output/host/bin/loongarch32r-linux-gnusf-gcc -c -D_LARGEFILE_SOURCE -D_LARGEFILE64_SOURCE -D_FILE_OFFSET_BITS=64  -O2 -g0 -D_FORTIFY_SOURCE=1 -D_LARGEFILE_SOURCE -D_LARGEFILE64_SOURCE -D_FILE_OFFSET_BITS=64 conftest.c >&5
configure:9661: $? = 0
configure:9661: result: yes
configure:9661: checking for sys/types.h
configure:9661: /home/pigkiller/LoongArch/OS/buildroot/output/host/bin/loongarch32r-linux-gnusf-gcc -c -D_LARGEFILE_SOURCE -D_LARGEFILE64_SOURCE -D_FILE_OFFSET_BITS=64  -O2 -g0 -D_FORTIFY_SOURCE=1 -D_LARGEFILE_SOURCE -D_LARGEFILE64_SOURCE -D_FILE_OFFSET_BITS=64 conftest.c >&5
configure:9661: $? = 0
configure:9661: result: yes
configure:9661: checking for unistd.h
configure:9661: /home/pigkiller/LoongArch/OS/buildroot/output/host/bin/loongarch32r-linux-gnusf-gcc -c -D_LARGEFILE_SOURCE -D_LARGEFILE64_SOURCE -D_FILE_OFFSET_BITS=64  -O2 -g0 -D_FORTIFY_SOURCE=1 -D_LARGEFILE_SOURCE -D_LARGEFILE64_SOURCE -D_FILE_OFFSET_BITS=64 conftest.c >&5
configure:9661: $? = 0
configure:9661: result: yes
configure:9686: checking for dlfcn.h
configure:9686: /home/pigkiller/LoongArch/OS/buildroot/output/host/bin/loongarch32r-linux-gnusf-gcc -c -D_LARGEFILE_SOURCE -D_LARGEFILE64_SOURCE -D_FILE_OFFSET_BITS=64  -O2 -g0 -D_FORTIFY_SOURCE=1 -D_LARGEFILE_SOURCE -D_LARGEFILE64_SOURCE -D_FILE_OFFSET_BITS=64 conftest.c >&5
configure:9686: $? = 0
configure:9686: result: yes
configure:9962: checking for objdir
configure:9979: result: .libs
configure:10245: checking if /home/pigkiller/LoongArch/OS/buildroot/output/host/bin/loongarch32r-linux-gnusf-gcc supports -fno-rtti -fno-exceptions
configure:10264: /home/pigkiller/LoongArch/OS/buildroot/output/host/bin/loongarch32r-linux-gnusf-gcc -c -D_LARGEFILE_SOURCE -D_LARGEFILE64_SOURCE -D_FILE_OFFSET_BITS=64  -O2 -g0 -D_FORTIFY_SOURCE=1 -D_LARGEFILE_SOURCE -D_LARGEFILE64_SOURCE -D_FILE_OFFSET_BITS=64 -fno-rtti -fno-exceptions conftest.c >&5
cc1: warning: command line option '-fno-rtti' is valid for C++/ObjC++ but not for C
configure:10268: $? = 0
configure:10282: result: no
configure:10640: checking for /home/pigkiller/LoongArch/OS/buildroot/output/host/bin/loongarch32r-linux-gnusf-gcc option to produce PIC
configure:10649: result: -fPIC -DPIC
configure:10657: checking if /home/pigkiller/LoongArch/OS/buildroot/output/host/bin/loongarch32r-linux-gnusf-gcc PIC flag -fPIC -DPIC works
configure:10676: /home/pigkiller/LoongArch/OS/buildroot/output/host/bin/loongarch32r-linux-gnusf-gcc -c -D_LARGEFILE_SOURCE -D_LARGEFILE64_SOURCE -D_FILE_OFFSET_BITS=64  -O2 -g0 -D_FORTIFY_SOURCE=1 -D_LARGEFILE_SOURCE -D_LARGEFILE64_SOURCE -D_FILE_OFFSET_BITS=64 -fPIC -DPIC -DPIC conftest.c >&5
configure:10680: $? = 0
configure:10694: result: yes
configure:10723: checking if /home/pigkiller/LoongArch/OS/buildroot/output/host/bin/loongarch32r-linux-gnusf-gcc static flag -static works
configure:10753: result: yes
configure:10768: checking if /home/pigkiller/LoongArch/OS/buildroot/output/host/bin/loongarch32r-linux-gnusf-gcc supports -c -o file.o
configure:10790: /home/pigkiller/LoongArch/OS/buildroot/output/host/bin/loongarch32r-linux-gnusf-gcc -c -D_LARGEFILE_SOURCE -D_LARGEFILE64_SOURCE -D_FILE_OFFSET_BITS=64  -O2 -g0 -D_FORTIFY_SOURCE=1 -D_LARGEFILE_SOURCE -D_LARGEFILE64_SOURCE -D_FILE_OFFSET_BITS=64 -o out/conftest2.o conftest.c >&5
configure:10794: $? = 0
configure:10817: result: yes
configure:10825: checking if /home/pigkiller/LoongArch/OS/buildroot/output/host/bin/loongarch32r-linux-gnusf-gcc supports -c -o file.o
configure:10874: result: yes
configure:10907: checking whether the /home/pigkiller/LoongArch/OS/buildroot/output/host/bin/loongarch32r-linux-gnusf-gcc linker (/home/pigkiller/LoongArch/OS/buildroot/output/host/bin/loongarch32r-linux-gnusf-ld) supports shared libraries
configure:12178: result: yes
configure:12215: checking whether -lc should be explicitly linked in
configure:12224: /home/pigkiller/LoongArch/OS/buildroot/output/host/bin/loongarch32r-linux-gnusf-gcc -c -D_LARGEFILE_SOURCE -D_LARGEFILE64_SOURCE -D_FILE_OFFSET_BITS=64  -O2 -g0 -D_FORTIFY_SOURCE=1 -D_LARGEFILE_SOURCE -D_LARGEFILE64_SOURCE -D_FILE_OFFSET_BITS=64 conftest.c >&5
configure:12227: $? = 0
configure:12242: /home/pigkiller/LoongArch/OS/buildroot/output/host/bin/loongarch32r-linux-gnusf-gcc -shared  -fPIC -DPIC conftest.o  -v -Wl,-soname -Wl,conftest -o conftest 2\>\&1 \| /usr/bin/grep  -lc  \>/dev/null 2\>\&1
configure:12245: $? = 0
configure:12260: result: no
configure:12420: checking dynamic linker characteristics
configure:13002: /home/pigkiller/LoongArch/OS/buildroot/output/host/bin/loongarch32r-linux-gnusf-gcc -o conftest -D_LARGEFILE_SOURCE -D_LARGEFILE64_SOURCE -D_FILE_OFFSET_BITS=64  -O2 -g0 -D_FORTIFY_SOURCE=1 -D_LARGEFILE_SOURCE -D_LARGEFILE64_SOURCE -D_FILE_OFFSET_BITS=64  -Wl,-rpath -Wl,/foo conftest.c  >&5
configure:13002: $? = 0
configure:13242: result: GNU/Linux ld.so
configure:13364: checking how to hardcode library paths into programs
configure:13389: result: immediate
configure:13989: checking whether stripping libraries is possible
configure:13994: result: yes
configure:14029: checking if libtool supports shared libraries
configure:14031: result: yes
configure:14034: checking whether to build shared libraries
configure:14059: result: yes
configure:14062: checking whether to build static libraries
configure:14066: result: no
configure:14089: checking how to run the C++ preprocessor
configure:14111: /home/pigkiller/LoongArch/OS/buildroot/output/host/bin/loongarch32r-linux-gnusf-g++ -E -D_LARGEFILE_SOURCE -D_LARGEFILE64_SOURCE -D_FILE_OFFSET_BITS=64 conftest.cpp
configure:14111: $? = 0
configure:14127: /home/pigkiller/LoongArch/OS/buildroot/output/host/bin/loongarch32r-linux-gnusf-g++ -E -D_LARGEFILE_SOURCE -D_LARGEFILE64_SOURCE -D_FILE_OFFSET_BITS=64 conftest.cpp
conftest.cpp:23:10: fatal error: ac_nonexistent.h: No such file or directory
 #include <ac_nonexistent.h>
          ^~~~~~~~~~~~~~~~~~
compilation terminated.
configure:14127: $? = 1
configure: failed program was:
| /* confdefs.h */
| #define PACKAGE_NAME "libffi"
| #define PACKAGE_TARNAME "libffi"
| #define PACKAGE_VERSION "3.4.6"
| #define PACKAGE_STRING "libffi 3.4.6"
| #define PACKAGE_BUGREPORT "http://github.com/libffi/libffi/issues"
| #define PACKAGE_URL ""
| #define PACKAGE "libffi"
| #define VERSION "3.4.6"
| #define HAVE_STDIO_H 1
| #define HAVE_STDLIB_H 1
| #define HAVE_STRING_H 1
| #define HAVE_INTTYPES_H 1
| #define HAVE_STDINT_H 1
| #define HAVE_STRINGS_H 1
| #define HAVE_SYS_STAT_H 1
| #define HAVE_SYS_TYPES_H 1
| #define HAVE_UNISTD_H 1
| #define STDC_HEADERS 1
| #define HAVE_DLFCN_H 1
| #define LT_OBJDIR ".libs/"
| /* end confdefs.h.  */
| #include <ac_nonexistent.h>
configure:14156: result: /home/pigkiller/LoongArch/OS/buildroot/output/host/bin/loongarch32r-linux-gnusf-g++ -E
configure:14170: /home/pigkiller/LoongArch/OS/buildroot/output/host/bin/loongarch32r-linux-gnusf-g++ -E -D_LARGEFILE_SOURCE -D_LARGEFILE64_SOURCE -D_FILE_OFFSET_BITS=64 conftest.cpp
configure:14170: $? = 0
configure:14186: /home/pigkiller/LoongArch/OS/buildroot/output/host/bin/loongarch32r-linux-gnusf-g++ -E -D_LARGEFILE_SOURCE -D_LARGEFILE64_SOURCE -D_FILE_OFFSET_BITS=64 conftest.cpp
conftest.cpp:23:10: fatal error: ac_nonexistent.h: No such file or directory
 #include <ac_nonexistent.h>
          ^~~~~~~~~~~~~~~~~~
compilation terminated.
configure:14186: $? = 1
configure: failed program was:
| /* confdefs.h */
| #define PACKAGE_NAME "libffi"
| #define PACKAGE_TARNAME "libffi"
| #define PACKAGE_VERSION "3.4.6"
| #define PACKAGE_STRING "libffi 3.4.6"
| #define PACKAGE_BUGREPORT "http://github.com/libffi/libffi/issues"
| #define PACKAGE_URL ""
| #define PACKAGE "libffi"
| #define VERSION "3.4.6"
| #define HAVE_STDIO_H 1
| #define HAVE_STDLIB_H 1
| #define HAVE_STRING_H 1
| #define HAVE_INTTYPES_H 1
| #define HAVE_STDINT_H 1
| #define HAVE_STRINGS_H 1
| #define HAVE_SYS_STAT_H 1
| #define HAVE_SYS_TYPES_H 1
| #define HAVE_UNISTD_H 1
| #define STDC_HEADERS 1
| #define HAVE_DLFCN_H 1
| #define LT_OBJDIR ".libs/"
| /* end confdefs.h.  */
| #include <ac_nonexistent.h>
configure:14354: checking for ld used by /home/pigkiller/LoongArch/OS/buildroot/output/host/bin/loongarch32r-linux-gnusf-g++
configure:14423: result: /home/pigkiller/LoongArch/OS/buildroot/output/host/bin/loongarch32r-linux-gnusf-ld
configure:14430: checking if the linker (/home/pigkiller/LoongArch/OS/buildroot/output/host/bin/loongarch32r-linux-gnusf-ld) is GNU ld
configure:14447: result: yes
configure:14502: checking whether the /home/pigkiller/LoongArch/OS/buildroot/output/host/bin/loongarch32r-linux-gnusf-g++ linker (/home/pigkiller/LoongArch/OS/buildroot/output/host/bin/loongarch32r-linux-gnusf-ld) supports shared libraries
configure:15581: result: yes
configure:15617: /home/pigkiller/LoongArch/OS/buildroot/output/host/bin/loongarch32r-linux-gnusf-g++ -c -D_LARGEFILE_SOURCE -D_LARGEFILE64_SOURCE -D_FILE_OFFSET_BITS=64  -O2 -g0 -D_FORTIFY_SOURCE=1 -D_LARGEFILE_SOURCE -D_LARGEFILE64_SOURCE -D_FILE_OFFSET_BITS=64 conftest.cpp >&5
configure:15620: $? = 0
configure:16101: checking for /home/pigkiller/LoongArch/OS/buildroot/output/host/bin/loongarch32r-linux-gnusf-g++ option to produce PIC
configure:16110: result: -fPIC -DPIC
configure:16118: checking if /home/pigkiller/LoongArch/OS/buildroot/output/host/bin/loongarch32r-linux-gnusf-g++ PIC flag -fPIC -DPIC works
configure:16137: /home/pigkiller/LoongArch/OS/buildroot/output/host/bin/loongarch32r-linux-gnusf-g++ -c -D_LARGEFILE_SOURCE -D_LARGEFILE64_SOURCE -D_FILE_OFFSET_BITS=64  -O2 -g0 -D_FORTIFY_SOURCE=1 -D_LARGEFILE_SOURCE -D_LARGEFILE64_SOURCE -D_FILE_OFFSET_BITS=64 -fPIC -DPIC -DPIC conftest.cpp >&5
configure:16141: $? = 0
configure:16155: result: yes
configure:16178: checking if /home/pigkiller/LoongArch/OS/buildroot/output/host/bin/loongarch32r-linux-gnusf-g++ static flag -static works
configure:16208: result: yes
configure:16220: checking if /home/pigkiller/LoongArch/OS/buildroot/output/host/bin/loongarch32r-linux-gnusf-g++ supports -c -o file.o
configure:16242: /home/pigkiller/LoongArch/OS/buildroot/output/host/bin/loongarch32r-linux-gnusf-g++ -c -D_LARGEFILE_SOURCE -D_LARGEFILE64_SOURCE -D_FILE_OFFSET_BITS=64  -O2 -g0 -D_FORTIFY_SOURCE=1 -D_LARGEFILE_SOURCE -D_LARGEFILE64_SOURCE -D_FILE_OFFSET_BITS=64 -o out/conftest2.o conftest.cpp >&5
configure:16246: $? = 0
configure:16269: result: yes
configure:16274: checking if /home/pigkiller/LoongArch/OS/buildroot/output/host/bin/loongarch32r-linux-gnusf-g++ supports -c -o file.o
configure:16323: result: yes
configure:16353: checking whether the /home/pigkiller/LoongArch/OS/buildroot/output/host/bin/loongarch32r-linux-gnusf-g++ linker (/home/pigkiller/LoongArch/OS/buildroot/output/host/bin/loongarch32r-linux-gnusf-ld) supports shared libraries
configure:16393: result: yes
configure:16536: checking dynamic linker characteristics
configure:17285: result: GNU/Linux ld.so
configure:17350: checking how to hardcode library paths into programs
configure:17375: result: immediate
configure:17441: checking for loongarch32r-buildroot-linux-gnu-readelf
configure:17474: result: /home/pigkiller/LoongArch/OS/buildroot/output/host/bin/loongarch32r-linux-gnusf-readelf
configure:17548: checking size of size_t
configure:17554: /home/pigkiller/LoongArch/OS/buildroot/output/host/bin/loongarch32r-linux-gnusf-gcc -c -D_LARGEFILE_SOURCE -D_LARGEFILE64_SOURCE -D_FILE_OFFSET_BITS=64  -O2 -g0 -D_FORTIFY_SOURCE=1 -D_LARGEFILE_SOURCE -D_LARGEFILE64_SOURCE -D_FILE_OFFSET_BITS=64 conftest.c >&5
configure:17554: $? = 0
configure:17554: /home/pigkiller/LoongArch/OS/buildroot/output/host/bin/loongarch32r-linux-gnusf-gcc -c -D_LARGEFILE_SOURCE -D_LARGEFILE64_SOURCE -D_FILE_OFFSET_BITS=64  -O2 -g0 -D_FORTIFY_SOURCE=1 -D_LARGEFILE_SOURCE -D_LARGEFILE64_SOURCE -D_FILE_OFFSET_BITS=64 conftest.c >&5
conftest.c: In function 'main':
conftest.c:54:12: error: size of array 'test_array' is negative
 static int test_array [1 - 2 * !(((long int) (sizeof (size_t))) <= 0)];
            ^~~~~~~~~~
configure:17554: $? = 1
configure: failed program was:
| /* confdefs.h */
| #define PACKAGE_NAME "libffi"
| #define PACKAGE_TARNAME "libffi"
| #define PACKAGE_VERSION "3.4.6"
| #define PACKAGE_STRING "libffi 3.4.6"
| #define PACKAGE_BUGREPORT "http://github.com/libffi/libffi/issues"
| #define PACKAGE_URL ""
| #define PACKAGE "libffi"
| #define VERSION "3.4.6"
| #define HAVE_STDIO_H 1
| #define HAVE_STDLIB_H 1
| #define HAVE_STRING_H 1
| #define HAVE_INTTYPES_H 1
| #define HAVE_STDINT_H 1
| #define HAVE_STRINGS_H 1
| #define HAVE_SYS_STAT_H 1
| #define HAVE_SYS_TYPES_H 1
| #define HAVE_UNISTD_H 1
| #define STDC_HEADERS 1
| #define HAVE_DLFCN_H 1
| #define LT_OBJDIR ".libs/"
| /* end confdefs.h.  */
| #include <stddef.h>
| #ifdef HAVE_STDIO_H
| # include <stdio.h>
| #endif
| #ifdef HAVE_STDLIB_H
| # include <stdlib.h>
| #endif
| #ifdef HAVE_STRING_H
| # include <string.h>
| #endif
| #ifdef HAVE_INTTYPES_H
| # include <inttypes.h>
| #endif
| #ifdef HAVE_STDINT_H
| # include <stdint.h>
| #endif
| #ifdef HAVE_STRINGS_H
| # include <strings.h>
| #endif
| #ifdef HAVE_SYS_TYPES_H
| # include <sys/types.h>
| #endif
| #ifdef HAVE_SYS_STAT_H
| # include <sys/stat.h>
| #endif
| #ifdef HAVE_UNISTD_H
| # include <unistd.h>
| #endif
| int
| main (void)
| {
| static int test_array [1 - 2 * !(((long int) (sizeof (size_t))) <= 0)];
| test_array [0] = 0;
| return test_array [0];
| 
|   ;
|   return 0;
| }
configure:17554: /home/pigkiller/LoongArch/OS/buildroot/output/host/bin/loongarch32r-linux-gnusf-gcc -c -D_LARGEFILE_SOURCE -D_LARGEFILE64_SOURCE -D_FILE_OFFSET_BITS=64  -O2 -g0 -D_FORTIFY_SOURCE=1 -D_LARGEFILE_SOURCE -D_LARGEFILE64_SOURCE -D_FILE_OFFSET_BITS=64 conftest.c >&5
conftest.c: In function 'main':
conftest.c:54:12: error: size of array 'test_array' is negative
 static int test_array [1 - 2 * !(((long int) (sizeof (size_t))) <= 1)];
            ^~~~~~~~~~
configure:17554: $? = 1
configure: failed program was:
| /* confdefs.h */
| #define PACKAGE_NAME "libffi"
| #define PACKAGE_TARNAME "libffi"
| #define PACKAGE_VERSION "3.4.6"
| #define PACKAGE_STRING "libffi 3.4.6"
| #define PACKAGE_BUGREPORT "http://github.com/libffi/libffi/issues"
| #define PACKAGE_URL ""
| #define PACKAGE "libffi"
| #define VERSION "3.4.6"
| #define HAVE_STDIO_H 1
| #define HAVE_STDLIB_H 1
| #define HAVE_STRING_H 1
| #define HAVE_INTTYPES_H 1
| #define HAVE_STDINT_H 1
| #define HAVE_STRINGS_H 1
| #define HAVE_SYS_STAT_H 1
| #define HAVE_SYS_TYPES_H 1
| #define HAVE_UNISTD_H 1
| #define STDC_HEADERS 1
| #define HAVE_DLFCN_H 1
| #define LT_OBJDIR ".libs/"
| /* end confdefs.h.  */
| #include <stddef.h>
| #ifdef HAVE_STDIO_H
| # include <stdio.h>
| #endif
| #ifdef HAVE_STDLIB_H
| # include <stdlib.h>
| #endif
| #ifdef HAVE_STRING_H
| # include <string.h>
| #endif
| #ifdef HAVE_INTTYPES_H
| # include <inttypes.h>
| #endif
| #ifdef HAVE_STDINT_H
| # include <stdint.h>
| #endif
| #ifdef HAVE_STRINGS_H
| # include <strings.h>
| #endif
| #ifdef HAVE_SYS_TYPES_H
| # include <sys/types.h>
| #endif
| #ifdef HAVE_SYS_STAT_H
| # include <sys/stat.h>
| #endif
| #ifdef HAVE_UNISTD_H
| # include <unistd.h>
| #endif
| int
| main (void)
| {
| static int test_array [1 - 2 * !(((long int) (sizeof (size_t))) <= 1)];
| test_array [0] = 0;
| return test_array [0];
| 
|   ;
|   return 0;
| }
configure:17554: /home/pigkiller/LoongArch/OS/buildroot/output/host/bin/loongarch32r-linux-gnusf-gcc -c -D_LARGEFILE_SOURCE -D_LARGEFILE64_SOURCE -D_FILE_OFFSET_BITS=64  -O2 -g0 -D_FORTIFY_SOURCE=1 -D_LARGEFILE_SOURCE -D_LARGEFILE64_SOURCE -D_FILE_OFFSET_BITS=64 conftest.c >&5
conftest.c: In function 'main':
conftest.c:54:12: error: size of array 'test_array' is negative
 static int test_array [1 - 2 * !(((long int) (sizeof (size_t))) <= 3)];
            ^~~~~~~~~~
configure:17554: $? = 1
configure: failed program was:
| /* confdefs.h */
| #define PACKAGE_NAME "libffi"
| #define PACKAGE_TARNAME "libffi"
| #define PACKAGE_VERSION "3.4.6"
| #define PACKAGE_STRING "libffi 3.4.6"
| #define PACKAGE_BUGREPORT "http://github.com/libffi/libffi/issues"
| #define PACKAGE_URL ""
| #define PACKAGE "libffi"
| #define VERSION "3.4.6"
| #define HAVE_STDIO_H 1
| #define HAVE_STDLIB_H 1
| #define HAVE_STRING_H 1
| #define HAVE_INTTYPES_H 1
| #define HAVE_STDINT_H 1
| #define HAVE_STRINGS_H 1
| #define HAVE_SYS_STAT_H 1
| #define HAVE_SYS_TYPES_H 1
| #define HAVE_UNISTD_H 1
| #define STDC_HEADERS 1
| #define HAVE_DLFCN_H 1
| #define LT_OBJDIR ".libs/"
| /* end confdefs.h.  */
| #include <stddef.h>
| #ifdef HAVE_STDIO_H
| # include <stdio.h>
| #endif
| #ifdef HAVE_STDLIB_H
| # include <stdlib.h>
| #endif
| #ifdef HAVE_STRING_H
| # include <string.h>
| #endif
| #ifdef HAVE_INTTYPES_H
| # include <inttypes.h>
| #endif
| #ifdef HAVE_STDINT_H
| # include <stdint.h>
| #endif
| #ifdef HAVE_STRINGS_H
| # include <strings.h>
| #endif
| #ifdef HAVE_SYS_TYPES_H
| # include <sys/types.h>
| #endif
| #ifdef HAVE_SYS_STAT_H
| # include <sys/stat.h>
| #endif
| #ifdef HAVE_UNISTD_H
| # include <unistd.h>
| #endif
| int
| main (void)
| {
| static int test_array [1 - 2 * !(((long int) (sizeof (size_t))) <= 3)];
| test_array [0] = 0;
| return test_array [0];
| 
|   ;
|   return 0;
| }
configure:17554: /home/pigkiller/LoongArch/OS/buildroot/output/host/bin/loongarch32r-linux-gnusf-gcc -c -D_LARGEFILE_SOURCE -D_LARGEFILE64_SOURCE -D_FILE_OFFSET_BITS=64  -O2 -g0 -D_FORTIFY_SOURCE=1 -D_LARGEFILE_SOURCE -D_LARGEFILE64_SOURCE -D_FILE_OFFSET_BITS=64 conftest.c >&5
configure:17554: $? = 0
configure:17554: /home/pigkiller/LoongArch/OS/buildroot/output/host/bin/loongarch32r-linux-gnusf-gcc -c -D_LARGEFILE_SOURCE -D_LARGEFILE64_SOURCE -D_FILE_OFFSET_BITS=64  -O2 -g0 -D_FORTIFY_SOURCE=1 -D_LARGEFILE_SOURCE -D_LARGEFILE64_SOURCE -D_FILE_OFFSET_BITS=64 conftest.c >&5
configure:17554: $? = 0
configure:17554: /home/pigkiller/LoongArch/OS/buildroot/output/host/bin/loongarch32r-linux-gnusf-gcc -c -D_LARGEFILE_SOURCE -D_LARGEFILE64_SOURCE -D_FILE_OFFSET_BITS=64  -O2 -g0 -D_FORTIFY_SOURCE=1 -D_LARGEFILE_SOURCE -D_LARGEFILE64_SOURCE -D_FILE_OFFSET_BITS=64 conftest.c >&5
configure:17554: $? = 0
configure:17571: result: 4
configure:17580: checking for C compiler vendor
configure:17639: /home/pigkiller/LoongArch/OS/buildroot/output/host/bin/loongarch32r-linux-gnusf-gcc -c -D_LARGEFILE_SOURCE -D_LARGEFILE64_SOURCE -D_FILE_OFFSET_BITS=64  -O2 -g0 -D_FORTIFY_SOURCE=1 -D_LARGEFILE_SOURCE -D_LARGEFILE64_SOURCE -D_FILE_OFFSET_BITS=64 conftest.c >&5
conftest.c: In function 'main':
conftest.c:30:7: error: 'thisisanerror' undeclared (first use in this function)
       thisisanerror;
       ^~~~~~~~~~~~~
conftest.c:30:7: note: each undeclared identifier is reported only once for each function it appears in
configure:17639: $? = 1
configure: failed program was:
| /* confdefs.h */
| #define PACKAGE_NAME "libffi"
| #define PACKAGE_TARNAME "libffi"
| #define PACKAGE_VERSION "3.4.6"
| #define PACKAGE_STRING "libffi 3.4.6"
| #define PACKAGE_BUGREPORT "http://github.com/libffi/libffi/issues"
| #define PACKAGE_URL ""
| #define PACKAGE "libffi"
| #define VERSION "3.4.6"
| #define HAVE_STDIO_H 1
| #define HAVE_STDLIB_H 1
| #define HAVE_STRING_H 1
| #define HAVE_INTTYPES_H 1
| #define HAVE_STDINT_H 1
| #define HAVE_STRINGS_H 1
| #define HAVE_SYS_STAT_H 1
| #define HAVE_SYS_TYPES_H 1
| #define HAVE_UNISTD_H 1
| #define STDC_HEADERS 1
| #define HAVE_DLFCN_H 1
| #define LT_OBJDIR ".libs/"
| #define SIZEOF_SIZE_T 4
| /* end confdefs.h.  */
| 
| int
| main (void)
| {
| 
| #if !(defined(__ICC) || defined(__ECC) || defined(__INTEL_COMPILER))
|       thisisanerror;
| #endif
| 
|   ;
|   return 0;
| }
configure:17639: /home/pigkiller/LoongArch/OS/buildroot/output/host/bin/loongarch32r-linux-gnusf-gcc -c -D_LARGEFILE_SOURCE -D_LARGEFILE64_SOURCE -D_FILE_OFFSET_BITS=64  -O2 -g0 -D_FORTIFY_SOURCE=1 -D_LARGEFILE_SOURCE -D_LARGEFILE64_SOURCE -D_FILE_OFFSET_BITS=64 conftest.c >&5
conftest.c: In function 'main':
conftest.c:30:7: error: 'thisisanerror' undeclared (first use in this function)
       thisisanerror;
       ^~~~~~~~~~~~~
conftest.c:30:7: note: each undeclared identifier is reported only once for each function it appears in
configure:17639: $? = 1
configure: failed program was:
| /* confdefs.h */
| #define PACKAGE_NAME "libffi"
| #define PACKAGE_TARNAME "libffi"
| #define PACKAGE_VERSION "3.4.6"
| #define PACKAGE_STRING "libffi 3.4.6"
| #define PACKAGE_BUGREPORT "http://github.com/libffi/libffi/issues"
| #define PACKAGE_URL ""
| #define PACKAGE "libffi"
| #define VERSION "3.4.6"
| #define HAVE_STDIO_H 1
| #define HAVE_STDLIB_H 1
| #define HAVE_STRING_H 1
| #define HAVE_INTTYPES_H 1
| #define HAVE_STDINT_H 1
| #define HAVE_STRINGS_H 1
| #define HAVE_SYS_STAT_H 1
| #define HAVE_SYS_TYPES_H 1
| #define HAVE_UNISTD_H 1
| #define STDC_HEADERS 1
| #define HAVE_DLFCN_H 1
| #define LT_OBJDIR ".libs/"
| #define SIZEOF_SIZE_T 4
| /* end confdefs.h.  */
| 
| int
| main (void)
| {
| 
| #if !(defined(__xlc__) || defined(__xlC__) || defined(__IBMC__) || defined(__IBMCPP__) || defined(__ibmxl__))
|       thisisanerror;
| #endif
| 
|   ;
|   return 0;
| }
configure:17639: /home/pigkiller/LoongArch/OS/buildroot/output/host/bin/loongarch32r-linux-gnusf-gcc -c -D_LARGEFILE_SOURCE -D_LARGEFILE64_SOURCE -D_FILE_OFFSET_BITS=64  -O2 -g0 -D_FORTIFY_SOURCE=1 -D_LARGEFILE_SOURCE -D_LARGEFILE64_SOURCE -D_FILE_OFFSET_BITS=64 conftest.c >&5
conftest.c: In function 'main':
conftest.c:30:7: error: 'thisisanerror' undeclared (first use in this function)
       thisisanerror;
       ^~~~~~~~~~~~~
conftest.c:30:7: note: each undeclared identifier is reported only once for each function it appears in
configure:17639: $? = 1
configure: failed program was:
| /* confdefs.h */
| #define PACKAGE_NAME "libffi"
| #define PACKAGE_TARNAME "libffi"
| #define PACKAGE_VERSION "3.4.6"
| #define PACKAGE_STRING "libffi 3.4.6"
| #define PACKAGE_BUGREPORT "http://github.com/libffi/libffi/issues"
| #define PACKAGE_URL ""
| #define PACKAGE "libffi"
| #define VERSION "3.4.6"
| #define HAVE_STDIO_H 1
| #define HAVE_STDLIB_H 1
| #define HAVE_STRING_H 1
| #define HAVE_INTTYPES_H 1
| #define HAVE_STDINT_H 1
| #define HAVE_STRINGS_H 1
| #define HAVE_SYS_STAT_H 1
| #define HAVE_SYS_TYPES_H 1
| #define HAVE_UNISTD_H 1
| #define STDC_HEADERS 1
| #define HAVE_DLFCN_H 1
| #define LT_OBJDIR ".libs/"
| #define SIZEOF_SIZE_T 4
| /* end confdefs.h.  */
| 
| int
| main (void)
| {
| 
| #if !(defined(__PATHCC__) || defined(__PATHSCALE__))
|       thisisanerror;
| #endif
| 
|   ;
|   return 0;
| }
configure:17639: /home/pigkiller/LoongArch/OS/buildroot/output/host/bin/loongarch32r-linux-gnusf-gcc -c -D_LARGEFILE_SOURCE -D_LARGEFILE64_SOURCE -D_FILE_OFFSET_BITS=64  -O2 -g0 -D_FORTIFY_SOURCE=1 -D_LARGEFILE_SOURCE -D_LARGEFILE64_SOURCE -D_FILE_OFFSET_BITS=64 conftest.c >&5
conftest.c: In function 'main':
conftest.c:30:7: error: 'thisisanerror' undeclared (first use in this function)
       thisisanerror;
       ^~~~~~~~~~~~~
conftest.c:30:7: note: each undeclared identifier is reported only once for each function it appears in
configure:17639: $? = 1
configure: failed program was:
| /* confdefs.h */
| #define PACKAGE_NAME "libffi"
| #define PACKAGE_TARNAME "libffi"
| #define PACKAGE_VERSION "3.4.6"
| #define PACKAGE_STRING "libffi 3.4.6"
| #define PACKAGE_BUGREPORT "http://github.com/libffi/libffi/issues"
| #define PACKAGE_URL ""
| #define PACKAGE "libffi"
| #define VERSION "3.4.6"
| #define HAVE_STDIO_H 1
| #define HAVE_STDLIB_H 1
| #define HAVE_STRING_H 1
| #define HAVE_INTTYPES_H 1
| #define HAVE_STDINT_H 1
| #define HAVE_STRINGS_H 1
| #define HAVE_SYS_STAT_H 1
| #define HAVE_SYS_TYPES_H 1
| #define HAVE_UNISTD_H 1
| #define STDC_HEADERS 1
| #define HAVE_DLFCN_H 1
| #define LT_OBJDIR ".libs/"
| #define SIZEOF_SIZE_T 4
| /* end confdefs.h.  */
| 
| int
| main (void)
| {
| 
| #if !(defined(__clang__))
|       thisisanerror;
| #endif
| 
|   ;
|   return 0;
| }
configure:17639: /home/pigkiller/LoongArch/OS/buildroot/output/host/bin/loongarch32r-linux-gnusf-gcc -c -D_LARGEFILE_SOURCE -D_LARGEFILE64_SOURCE -D_FILE_OFFSET_BITS=64  -O2 -g0 -D_FORTIFY_SOURCE=1 -D_LARGEFILE_SOURCE -D_LARGEFILE64_SOURCE -D_FILE_OFFSET_BITS=64 conftest.c >&5
conftest.c: In function 'main':
conftest.c:30:7: error: 'thisisanerror' undeclared (first use in this function)
       thisisanerror;
       ^~~~~~~~~~~~~
conftest.c:30:7: note: each undeclared identifier is reported only once for each function it appears in
configure:17639: $? = 1
configure: failed program was:
| /* confdefs.h */
| #define PACKAGE_NAME "libffi"
| #define PACKAGE_TARNAME "libffi"
| #define PACKAGE_VERSION "3.4.6"
| #define PACKAGE_STRING "libffi 3.4.6"
| #define PACKAGE_BUGREPORT "http://github.com/libffi/libffi/issues"
| #define PACKAGE_URL ""
| #define PACKAGE "libffi"
| #define VERSION "3.4.6"
| #define HAVE_STDIO_H 1
| #define HAVE_STDLIB_H 1
| #define HAVE_STRING_H 1
| #define HAVE_INTTYPES_H 1
| #define HAVE_STDINT_H 1
| #define HAVE_STRINGS_H 1
| #define HAVE_SYS_STAT_H 1
| #define HAVE_SYS_TYPES_H 1
| #define HAVE_UNISTD_H 1
| #define STDC_HEADERS 1
| #define HAVE_DLFCN_H 1
| #define LT_OBJDIR ".libs/"
| #define SIZEOF_SIZE_T 4
| /* end confdefs.h.  */
| 
| int
| main (void)
| {
| 
| #if !(defined(_CRAYC))
|       thisisanerror;
| #endif
| 
|   ;
|   return 0;
| }
configure:17639: /home/pigkiller/LoongArch/OS/buildroot/output/host/bin/loongarch32r-linux-gnusf-gcc -c -D_LARGEFILE_SOURCE -D_LARGEFILE64_SOURCE -D_FILE_OFFSET_BITS=64  -O2 -g0 -D_FORTIFY_SOURCE=1 -D_LARGEFILE_SOURCE -D_LARGEFILE64_SOURCE -D_FILE_OFFSET_BITS=64 conftest.c >&5
conftest.c: In function 'main':
conftest.c:30:7: error: 'thisisanerror' undeclared (first use in this function)
       thisisanerror;
       ^~~~~~~~~~~~~
conftest.c:30:7: note: each undeclared identifier is reported only once for each function it appears in
configure:17639: $? = 1
configure: failed program was:
| /* confdefs.h */
| #define PACKAGE_NAME "libffi"
| #define PACKAGE_TARNAME "libffi"
| #define PACKAGE_VERSION "3.4.6"
| #define PACKAGE_STRING "libffi 3.4.6"
| #define PACKAGE_BUGREPORT "http://github.com/libffi/libffi/issues"
| #define PACKAGE_URL ""
| #define PACKAGE "libffi"
| #define VERSION "3.4.6"
| #define HAVE_STDIO_H 1
| #define HAVE_STDLIB_H 1
| #define HAVE_STRING_H 1
| #define HAVE_INTTYPES_H 1
| #define HAVE_STDINT_H 1
| #define HAVE_STRINGS_H 1
| #define HAVE_SYS_STAT_H 1
| #define HAVE_SYS_TYPES_H 1
| #define HAVE_UNISTD_H 1
| #define STDC_HEADERS 1
| #define HAVE_DLFCN_H 1
| #define LT_OBJDIR ".libs/"
| #define SIZEOF_SIZE_T 4
| /* end confdefs.h.  */
| 
| int
| main (void)
| {
| 
| #if !(defined(__FUJITSU))
|       thisisanerror;
| #endif
| 
|   ;
|   return 0;
| }
configure:17639: /home/pigkiller/LoongArch/OS/buildroot/output/host/bin/loongarch32r-linux-gnusf-gcc -c -D_LARGEFILE_SOURCE -D_LARGEFILE64_SOURCE -D_FILE_OFFSET_BITS=64  -O2 -g0 -D_FORTIFY_SOURCE=1 -D_LARGEFILE_SOURCE -D_LARGEFILE64_SOURCE -D_FILE_OFFSET_BITS=64 conftest.c >&5
conftest.c: In function 'main':
conftest.c:30:7: error: 'thisisanerror' undeclared (first use in this function)
       thisisanerror;
       ^~~~~~~~~~~~~
conftest.c:30:7: note: each undeclared identifier is reported only once for each function it appears in
configure:17639: $? = 1
configure: failed program was:
| /* confdefs.h */
| #define PACKAGE_NAME "libffi"
| #define PACKAGE_TARNAME "libffi"
| #define PACKAGE_VERSION "3.4.6"
| #define PACKAGE_STRING "libffi 3.4.6"
| #define PACKAGE_BUGREPORT "http://github.com/libffi/libffi/issues"
| #define PACKAGE_URL ""
| #define PACKAGE "libffi"
| #define VERSION "3.4.6"
| #define HAVE_STDIO_H 1
| #define HAVE_STDLIB_H 1
| #define HAVE_STRING_H 1
| #define HAVE_INTTYPES_H 1
| #define HAVE_STDINT_H 1
| #define HAVE_STRINGS_H 1
| #define HAVE_SYS_STAT_H 1
| #define HAVE_SYS_TYPES_H 1
| #define HAVE_UNISTD_H 1
| #define STDC_HEADERS 1
| #define HAVE_DLFCN_H 1
| #define LT_OBJDIR ".libs/"
| #define SIZEOF_SIZE_T 4
| /* end confdefs.h.  */
| 
| int
| main (void)
| {
| 
| #if !(defined(SDCC) || defined(__SDCC))
|       thisisanerror;
| #endif
| 
|   ;
|   return 0;
| }
configure:17639: /home/pigkiller/LoongArch/OS/buildroot/output/host/bin/loongarch32r-linux-gnusf-gcc -c -D_LARGEFILE_SOURCE -D_LARGEFILE64_SOURCE -D_FILE_OFFSET_BITS=64  -O2 -g0 -D_FORTIFY_SOURCE=1 -D_LARGEFILE_SOURCE -D_LARGEFILE64_SOURCE -D_FILE_OFFSET_BITS=64 conftest.c >&5
conftest.c: In function 'main':
conftest.c:30:7: error: 'thisisanerror' undeclared (first use in this function)
       thisisanerror;
       ^~~~~~~~~~~~~
conftest.c:30:7: note: each undeclared identifier is reported only once for each function it appears in
configure:17639: $? = 1
configure: failed program was:
| /* confdefs.h */
| #define PACKAGE_NAME "libffi"
| #define PACKAGE_TARNAME "libffi"
| #define PACKAGE_VERSION "3.4.6"
| #define PACKAGE_STRING "libffi 3.4.6"
| #define PACKAGE_BUGREPORT "http://github.com/libffi/libffi/issues"
| #define PACKAGE_URL ""
| #define PACKAGE "libffi"
| #define VERSION "3.4.6"
| #define HAVE_STDIO_H 1
| #define HAVE_STDLIB_H 1
| #define HAVE_STRING_H 1
| #define HAVE_INTTYPES_H 1
| #define HAVE_STDINT_H 1
| #define HAVE_STRINGS_H 1
| #define HAVE_SYS_STAT_H 1
| #define HAVE_SYS_TYPES_H 1
| #define HAVE_UNISTD_H 1
| #define STDC_HEADERS 1
| #define HAVE_DLFCN_H 1
| #define LT_OBJDIR ".libs/"
| #define SIZEOF_SIZE_T 4
| /* end confdefs.h.  */
| 
| int
| main (void)
| {
| 
| #if !(defined(_SX))
|       thisisanerror;
| #endif
| 
|   ;
|   return 0;
| }
configure:17639: /home/pigkiller/LoongArch/OS/buildroot/output/host/bin/loongarch32r-linux-gnusf-gcc -c -D_LARGEFILE_SOURCE -D_LARGEFILE64_SOURCE -D_FILE_OFFSET_BITS=64  -O2 -g0 -D_FORTIFY_SOURCE=1 -D_LARGEFILE_SOURCE -D_LARGEFILE64_SOURCE -D_FILE_OFFSET_BITS=64 conftest.c >&5
conftest.c: In function 'main':
conftest.c:30:7: error: 'thisisanerror' undeclared (first use in this function)
       thisisanerror;
       ^~~~~~~~~~~~~
conftest.c:30:7: note: each undeclared identifier is reported only once for each function it appears in
configure:17639: $? = 1
configure: failed program was:
| /* confdefs.h */
| #define PACKAGE_NAME "libffi"
| #define PACKAGE_TARNAME "libffi"
| #define PACKAGE_VERSION "3.4.6"
| #define PACKAGE_STRING "libffi 3.4.6"
| #define PACKAGE_BUGREPORT "http://github.com/libffi/libffi/issues"
| #define PACKAGE_URL ""
| #define PACKAGE "libffi"
| #define VERSION "3.4.6"
| #define HAVE_STDIO_H 1
| #define HAVE_STDLIB_H 1
| #define HAVE_STRING_H 1
| #define HAVE_INTTYPES_H 1
| #define HAVE_STDINT_H 1
| #define HAVE_STRINGS_H 1
| #define HAVE_SYS_STAT_H 1
| #define HAVE_SYS_TYPES_H 1
| #define HAVE_UNISTD_H 1
| #define STDC_HEADERS 1
| #define HAVE_DLFCN_H 1
| #define LT_OBJDIR ".libs/"
| #define SIZEOF_SIZE_T 4
| /* end confdefs.h.  */
| 
| int
| main (void)
| {
| 
| #if !(defined(__NVCOMPILER))
|       thisisanerror;
| #endif
| 
|   ;
|   return 0;
| }
configure:17639: /home/pigkiller/LoongArch/OS/buildroot/output/host/bin/loongarch32r-linux-gnusf-gcc -c -D_LARGEFILE_SOURCE -D_LARGEFILE64_SOURCE -D_FILE_OFFSET_BITS=64  -O2 -g0 -D_FORTIFY_SOURCE=1 -D_LARGEFILE_SOURCE -D_LARGEFILE64_SOURCE -D_FILE_OFFSET_BITS=64 conftest.c >&5
conftest.c: In function 'main':
conftest.c:30:7: error: 'thisisanerror' undeclared (first use in this function)
       thisisanerror;
       ^~~~~~~~~~~~~
conftest.c:30:7: note: each undeclared identifier is reported only once for each function it appears in
configure:17639: $? = 1
configure: failed program was:
| /* confdefs.h */
| #define PACKAGE_NAME "libffi"
| #define PACKAGE_TARNAME "libffi"
| #define PACKAGE_VERSION "3.4.6"
| #define PACKAGE_STRING "libffi 3.4.6"
| #define PACKAGE_BUGREPORT "http://github.com/libffi/libffi/issues"
| #define PACKAGE_URL ""
| #define PACKAGE "libffi"
| #define VERSION "3.4.6"
| #define HAVE_STDIO_H 1
| #define HAVE_STDLIB_H 1
| #define HAVE_STRING_H 1
| #define HAVE_INTTYPES_H 1
| #define HAVE_STDINT_H 1
| #define HAVE_STRINGS_H 1
| #define HAVE_SYS_STAT_H 1
| #define HAVE_SYS_TYPES_H 1
| #define HAVE_UNISTD_H 1
| #define STDC_HEADERS 1
| #define HAVE_DLFCN_H 1
| #define LT_OBJDIR ".libs/"
| #define SIZEOF_SIZE_T 4
| /* end confdefs.h.  */
| 
| int
| main (void)
| {
| 
| #if !(defined(__PGI))
|       thisisanerror;
| #endif
| 
|   ;
|   return 0;
| }
configure:17639: /home/pigkiller/LoongArch/OS/buildroot/output/host/bin/loongarch32r-linux-gnusf-gcc -c -D_LARGEFILE_SOURCE -D_LARGEFILE64_SOURCE -D_FILE_OFFSET_BITS=64  -O2 -g0 -D_FORTIFY_SOURCE=1 -D_LARGEFILE_SOURCE -D_LARGEFILE64_SOURCE -D_FILE_OFFSET_BITS=64 conftest.c >&5
configure:17639: $? = 0
configure:17650: result: gnu
configure:18575: checking CFLAGS for most reasonable warnings
configure:18662: : CFLAGS="$CFLAGS"
configure:18665: $? = 0
configure:18691: result: -Wall
configure:18714: checking whether to enable maintainer-specific portions of Makefiles
configure:18725: result: no
configure:18739: checking for sys/memfd.h
configure:18739: /home/pigkiller/LoongArch/OS/buildroot/output/host/bin/loongarch32r-linux-gnusf-gcc -c -Wall -D_LARGEFILE_SOURCE -D_LARGEFILE64_SOURCE -D_FILE_OFFSET_BITS=64  -O2 -g0 -D_FORTIFY_SOURCE=1 -fexceptions -D_LARGEFILE_SOURCE -D_LARGEFILE64_SOURCE -D_FILE_OFFSET_BITS=64 conftest.c >&5
conftest.c:52:10: fatal error: sys/memfd.h: No such file or directory
 #include <sys/memfd.h>
          ^~~~~~~~~~~~~
compilation terminated.
configure:18739: $? = 1
configure: failed program was:
| /* confdefs.h */
| #define PACKAGE_NAME "libffi"
| #define PACKAGE_TARNAME "libffi"
| #define PACKAGE_VERSION "3.4.6"
| #define PACKAGE_STRING "libffi 3.4.6"
| #define PACKAGE_BUGREPORT "http://github.com/libffi/libffi/issues"
| #define PACKAGE_URL ""
| #define PACKAGE "libffi"
| #define VERSION "3.4.6"
| #define HAVE_STDIO_H 1
| #define HAVE_STDLIB_H 1
| #define HAVE_STRING_H 1
| #define HAVE_INTTYPES_H 1
| #define HAVE_STDINT_H 1
| #define HAVE_STRINGS_H 1
| #define HAVE_SYS_STAT_H 1
| #define HAVE_SYS_TYPES_H 1
| #define HAVE_UNISTD_H 1
| #define STDC_HEADERS 1
| #define HAVE_DLFCN_H 1
| #define LT_OBJDIR ".libs/"
| #define SIZEOF_SIZE_T 4
| /* end confdefs.h.  */
| #include <stddef.h>
| #ifdef HAVE_STDIO_H
| # include <stdio.h>
| #endif
| #ifdef HAVE_STDLIB_H
| # include <stdlib.h>
| #endif
| #ifdef HAVE_STRING_H
| # include <string.h>
| #endif
| #ifdef HAVE_INTTYPES_H
| # include <inttypes.h>
| #endif
| #ifdef HAVE_STDINT_H
| # include <stdint.h>
| #endif
| #ifdef HAVE_STRINGS_H
| # include <strings.h>
| #endif
| #ifdef HAVE_SYS_TYPES_H
| # include <sys/types.h>
| #endif
| #ifdef HAVE_SYS_STAT_H
| # include <sys/stat.h>
| #endif
| #ifdef HAVE_UNISTD_H
| # include <unistd.h>
| #endif
| #include <sys/memfd.h>
configure:18739: result: no
configure:18746: checking for memfd_create
configure:18746: /home/pigkiller/LoongArch/OS/buildroot/output/host/bin/loongarch32r-linux-gnusf-gcc -o conftest -Wall -D_LARGEFILE_SOURCE -D_LARGEFILE64_SOURCE -D_FILE_OFFSET_BITS=64  -O2 -g0 -D_FORTIFY_SOURCE=1 -fexceptions -D_LARGEFILE_SOURCE -D_LARGEFILE64_SOURCE -D_FILE_OFFSET_BITS=64  conftest.c  >&5
configure:18746: $? = 0
configure:18746: result: yes
configure:18769: error: "libffi has not been ported to loongarch32r-buildroot-linux-gnu."

## ---------------- ##
## Cache variables. ##
## ---------------- ##

ac_cv_build=x86_64-pc-linux-gnu
ac_cv_c_bigendian=no
ac_cv_c_compiler_gnu=yes
ac_cv_cflags_warn_all=-Wall
ac_cv_cxx_compiler_gnu=yes
ac_cv_env_CCASFLAGS_set=
ac_cv_env_CCASFLAGS_value=
ac_cv_env_CCAS_set=
ac_cv_env_CCAS_value=
ac_cv_env_CPPFLAGS_set=set
ac_cv_env_CPPFLAGS_value='-D_LARGEFILE_SOURCE -D_LARGEFILE64_SOURCE -D_FILE_OFFSET_BITS=64'
ac_cv_env_CXXCPP_set=
ac_cv_env_CXXCPP_value=
ac_cv_env_LT_SYS_LIBRARY_PATH_set=
ac_cv_env_LT_SYS_LIBRARY_PATH_value=
ac_cv_env_build_alias_set=set
ac_cv_env_build_alias_value=x86_64-pc-linux-gnu
ac_cv_env_host_alias_set=set
ac_cv_env_host_alias_value=loongarch32r-buildroot-linux-gnu
ac_cv_env_target_alias_set=set
ac_cv_env_target_alias_value=loongarch32r-buildroot-linux-gnu
ac_cv_func_calloc_0_nonnull=yes
ac_cv_func_malloc_0_nonnull=yes
ac_cv_func_memcmp_working=yes
ac_cv_func_memfd_create=yes
ac_cv_func_mmap_fixed_mapped=yes
ac_cv_func_realloc_0_nonnull=yes
ac_cv_have_decl_malloc=yes
ac_cv_header_dlfcn_h=yes
ac_cv_header_inttypes_h=yes
ac_cv_header_stdint_h=yes
ac_cv_header_stdio_h=yes
ac_cv_header_stdlib_h=yes
ac_cv_header_string_h=yes
ac_cv_header_strings_h=yes
ac_cv_header_sys_memfd_h=no
ac_cv_header_sys_stat_h=yes
ac_cv_header_sys_types_h=yes
ac_cv_header_unistd_h=yes
ac_cv_host=loongarch32r-buildroot-linux-gnu
ac_cv_lbl_unaligned_fail=yes
ac_cv_objext=o
ac_cv_path_EGREP='/usr/bin/grep -E'
ac_cv_path_EGREP_TRADITIONAL='/usr/bin/grep -E'
ac_cv_path_FGREP='/usr/bin/grep -F'
ac_cv_path_GREP=/usr/bin/grep
ac_cv_path_SED=/usr/bin/sed
ac_cv_path_ax_enable_builddir_sed=sed
ac_cv_path_install='/usr/bin/install -c'
ac_cv_path_lt_DD=/usr/bin/dd
ac_cv_path_mkdir=/usr/bin/mkdir
ac_cv_prog_AR=/home/pigkiller/LoongArch/OS/buildroot/output/host/bin/loongarch32r-linux-gnusf-ar
ac_cv_prog_AWK=gawk
ac_cv_prog_CC=/home/pigkiller/LoongArch/OS/buildroot/output/host/bin/loongarch32r-linux-gnusf-gcc
ac_cv_prog_CXXCPP='/home/pigkiller/LoongArch/OS/buildroot/output/host/bin/loongarch32r-linux-gnusf-g++ -E'
ac_cv_prog_OBJDUMP=/home/pigkiller/LoongArch/OS/buildroot/output/host/bin/loongarch32r-linux-gnusf-objdump
ac_cv_prog_RANLIB=/home/pigkiller/LoongArch/OS/buildroot/output/host/bin/loongarch32r-linux-gnusf-ranlib
ac_cv_prog_READELF=/home/pigkiller/LoongArch/OS/buildroot/output/host/bin/loongarch32r-linux-gnusf-readelf
ac_cv_prog_STRIP=/home/pigkiller/LoongArch/OS/buildroot/output/host/bin/loongarch32r-linux-gnusf-strip
ac_cv_prog_ac_ct_MANIFEST_TOOL=mt
ac_cv_prog_cc_c11=
ac_cv_prog_cc_g=yes
ac_cv_prog_cc_stdc=
ac_cv_prog_cxx_cxx11=
ac_cv_prog_cxx_g=yes
ac_cv_prog_cxx_stdcxx=
ac_cv_prog_make_make_set=yes
ac_cv_sizeof_size_t=4
ac_cv_target=loongarch32r-buildroot-linux-gnu
am_cv_CCAS_dependencies_compiler_type=none
am_cv_CC_dependencies_compiler_type=none
am_cv_CXX_dependencies_compiler_type=none
am_cv_make_support_nested_variables=yes
am_cv_prog_cc_c_o=yes
ax_cv_c_compiler_vendor=gnu
gl_cv_func_malloc_0_nonnull=yes
lt_cv_ar_at_file=@
lt_cv_archive_cmds_need_lc=no
lt_cv_deplibs_check_method=pass_all
lt_cv_file_magic_cmd='$MAGIC_CMD'
lt_cv_file_magic_test_file=
lt_cv_ld_reload_flag=-r
lt_cv_nm_interface='BSD nm'
lt_cv_objdir=.libs
lt_cv_path_LD=/home/pigkiller/LoongArch/OS/buildroot/output/host/bin/loongarch32r-linux-gnusf-ld
lt_cv_path_LDCXX=/home/pigkiller/LoongArch/OS/buildroot/output/host/bin/loongarch32r-linux-gnusf-ld
lt_cv_path_NM=/home/pigkiller/LoongArch/OS/buildroot/output/host/bin/loongarch32r-linux-gnusf-nm
lt_cv_path_mainfest_tool=no
lt_cv_prog_compiler_c_o=yes
lt_cv_prog_compiler_c_o_CXX=yes
lt_cv_prog_compiler_pic='-fPIC -DPIC'
lt_cv_prog_compiler_pic_CXX='-fPIC -DPIC'
lt_cv_prog_compiler_pic_works=yes
lt_cv_prog_compiler_pic_works_CXX=yes
lt_cv_prog_compiler_rtti_exceptions=no
lt_cv_prog_compiler_static_works=yes
lt_cv_prog_compiler_static_works_CXX=yes
lt_cv_prog_gnu_ld=yes
lt_cv_prog_gnu_ldcxx=yes
lt_cv_sharedlib_from_linklib_cmd='printf %s\n'
lt_cv_shlibpath_overrides_runpath=no
lt_cv_sys_global_symbol_pipe='sed -n -e '\''s/^.*[	 ]\([ABCDGIRSTW][ABCDGIRSTW]*\)[	 ][	 ]*\([_A-Za-z][_A-Za-z0-9]*\)$/\1 \2 \2/p'\'' | sed '\''/ __gnu_lto/d'\'''
lt_cv_sys_global_symbol_to_c_name_address='sed -n -e '\''s/^: \(.*\) .*$/  {"\1", (void *) 0},/p'\'' -e '\''s/^[ABCDGIRSTW][ABCDGIRSTW]* .* \(.*\)$/  {"\1", (void *) \&\1},/p'\'''
lt_cv_sys_global_symbol_to_c_name_address_lib_prefix='sed -n -e '\''s/^: \(.*\) .*$/  {"\1", (void *) 0},/p'\'' -e '\''s/^[ABCDGIRSTW][ABCDGIRSTW]* .* \(lib.*\)$/  {"\1", (void *) \&\1},/p'\'' -e '\''s/^[ABCDGIRSTW][ABCDGIRSTW]* .* \(.*\)$/  {"lib\1", (void *) \&\1},/p'\'''
lt_cv_sys_global_symbol_to_cdecl='sed -n -e '\''s/^T .* \(.*\)$/extern int \1();/p'\'' -e '\''s/^[ABCDGIRSTW][ABCDGIRSTW]* .* \(.*\)$/extern char \1;/p'\'''
lt_cv_sys_global_symbol_to_import=
lt_cv_sys_lib_search_path_spec=
lt_cv_sys_max_cmd_len=1572864
lt_cv_to_host_file_cmd=func_convert_file_noop
lt_cv_to_tool_file_cmd=func_convert_file_noop
lt_cv_truncate_bin='/usr/bin/dd bs=4096 count=1'

## ----------------- ##
## Output variables. ##
## ----------------- ##

ACLOCAL='${SHELL} '\''/home/pigkiller/LoongArch/OS/buildroot/output/build/libffi-3.4.6/missing'\'' aclocal-1.16'
AMDEPBACKSLASH=''
AMDEP_FALSE=''
AMDEP_TRUE='#'
AMTAR='$${TAR-tar}'
AM_BACKSLASH='\'
AM_DEFAULT_V='$(AM_DEFAULT_VERBOSITY)'
AM_DEFAULT_VERBOSITY='1'
AM_LTLDFLAGS=''
AM_RUNTESTFLAGS=''
AM_V='$(V)'
AR='/home/pigkiller/LoongArch/OS/buildroot/output/host/bin/loongarch32r-linux-gnusf-ar'
AUTOCONF='${SHELL} '\''/home/pigkiller/LoongArch/OS/buildroot/output/build/libffi-3.4.6/missing'\'' autoconf'
AUTOHEADER='${SHELL} '\''/home/pigkiller/LoongArch/OS/buildroot/output/build/libffi-3.4.6/missing'\'' autoheader'
AUTOMAKE='${SHELL} '\''/home/pigkiller/LoongArch/OS/buildroot/output/build/libffi-3.4.6/missing'\'' automake-1.16'
AWK='gawk'
BUILD_DOCS_FALSE=''
BUILD_DOCS_TRUE=''
CC='/home/pigkiller/LoongArch/OS/buildroot/output/host/bin/loongarch32r-linux-gnusf-gcc'
CCAS='/home/pigkiller/LoongArch/OS/buildroot/output/host/bin/loongarch32r-linux-gnusf-gcc'
CCASDEPMODE='depmode=none'
CCASFLAGS='-D_LARGEFILE_SOURCE -D_LARGEFILE64_SOURCE -D_FILE_OFFSET_BITS=64  -O2 -g0 -D_FORTIFY_SOURCE=1'
CCDEPMODE='depmode=none'
CFLAGS='-Wall -D_LARGEFILE_SOURCE -D_LARGEFILE64_SOURCE -D_FILE_OFFSET_BITS=64  -O2 -g0 -D_FORTIFY_SOURCE=1 -fexceptions'
CPPFLAGS='-D_LARGEFILE_SOURCE -D_LARGEFILE64_SOURCE -D_FILE_OFFSET_BITS=64'
CSCOPE='cscope'
CTAGS='ctags'
CXX='/home/pigkiller/LoongArch/OS/buildroot/output/host/bin/loongarch32r-linux-gnusf-g++'
CXXCPP='/home/pigkiller/LoongArch/OS/buildroot/output/host/bin/loongarch32r-linux-gnusf-g++ -E'
CXXDEPMODE='depmode=none'
CXXFLAGS='-D_LARGEFILE_SOURCE -D_LARGEFILE64_SOURCE -D_FILE_OFFSET_BITS=64  -O2 -g0 -D_FORTIFY_SOURCE=1'
CYGPATH_W='echo'
DEFS=''
DEPDIR='.deps'
DLLTOOL='false'
DSYMUTIL=''
DUMPBIN=''
ECHO_C=''
ECHO_N='-n'
ECHO_T=''
EGREP='/usr/bin/grep -E'
ETAGS='etags'
EXEEXT=''
FFI_DEBUG_FALSE=''
FFI_DEBUG_TRUE=''
FFI_EXEC_TRAMPOLINE_TABLE=''
FFI_EXEC_TRAMPOLINE_TABLE_FALSE=''
FFI_EXEC_TRAMPOLINE_TABLE_TRUE=''
FGREP='/usr/bin/grep -F'
GREP='/usr/bin/grep'
HAVE_LONG_DOUBLE=''
HAVE_LONG_DOUBLE_VARIANT='0'
INSTALL_DATA='${INSTALL} -m 644'
INSTALL_PROGRAM='${INSTALL}'
INSTALL_SCRIPT='${INSTALL}'
INSTALL_STRIP_PROGRAM='$(install_sh) -c -s'
LD='/home/pigkiller/LoongArch/OS/buildroot/output/host/bin/loongarch32r-linux-gnusf-ld'
LDFLAGS=''
LIBFFI_BUILD_VERSIONED_SHLIB_FALSE=''
LIBFFI_BUILD_VERSIONED_SHLIB_GNU_FALSE=''
LIBFFI_BUILD_VERSIONED_SHLIB_GNU_TRUE=''
LIBFFI_BUILD_VERSIONED_SHLIB_SUN_FALSE=''
LIBFFI_BUILD_VERSIONED_SHLIB_SUN_TRUE=''
LIBFFI_BUILD_VERSIONED_SHLIB_TRUE=''
LIBOBJS=''
LIBS=''
LIBTOOL='$(SHELL) $(top_builddir)/libtool'
LIPO=''
LN_S='ln -s'
LTLIBOBJS=''
LT_SYS_LIBRARY_PATH=''
MAINT='#'
MAINTAINER_MODE_FALSE=''
MAINTAINER_MODE_TRUE='#'
MAKEINFO='${SHELL} '\''/home/pigkiller/LoongArch/OS/buildroot/output/build/libffi-3.4.6/missing'\'' makeinfo'
MANIFEST_TOOL=':'
MKDIR_P='/usr/bin/mkdir -p'
NM='/home/pigkiller/LoongArch/OS/buildroot/output/host/bin/loongarch32r-linux-gnusf-nm'
NMEDIT=''
OBJDUMP='/home/pigkiller/LoongArch/OS/buildroot/output/host/bin/loongarch32r-linux-gnusf-objdump'
OBJEXT='o'
OPT_LDFLAGS=''
OTOOL64=''
OTOOL=''
PACKAGE='libffi'
PACKAGE_BUGREPORT='http://github.com/libffi/libffi/issues'
PACKAGE_NAME='libffi'
PACKAGE_STRING='libffi 3.4.6'
PACKAGE_TARNAME='libffi'
PACKAGE_URL=''
PACKAGE_VERSION='3.4.6'
PATH_SEPARATOR=':'
PRTDIAG=''
RANLIB='/home/pigkiller/LoongArch/OS/buildroot/output/host/bin/loongarch32r-linux-gnusf-ranlib'
READELF='/home/pigkiller/LoongArch/OS/buildroot/output/host/bin/loongarch32r-linux-gnusf-readelf'
SECTION_LDFLAGS=''
SED='/usr/bin/sed'
SET_MAKE=''
SHELL='/bin/bash'
STRIP='/home/pigkiller/LoongArch/OS/buildroot/output/host/bin/loongarch32r-linux-gnusf-strip'
TARGET=''
TARGETDIR='unknown'
TARGET_OBJ=''
TESTSUBDIR_FALSE='#'
TESTSUBDIR_TRUE=''
VERSION='3.4.6'
ac_ct_AR=''
ac_ct_CC=''
ac_ct_CXX=''
ac_ct_DUMPBIN=''
am__EXEEXT_FALSE=''
am__EXEEXT_TRUE=''
am__fastdepCCAS_FALSE=''
am__fastdepCCAS_TRUE='#'
am__fastdepCC_FALSE=''
am__fastdepCC_TRUE='#'
am__fastdepCXX_FALSE=''
am__fastdepCXX_TRUE='#'
am__include='include'
am__isrc=' -I$(srcdir)'
am__leading_dot='.'
am__nodep=''
am__quote=''
am__tar='$${TAR-tar} chof - "$$tardir"'
am__untar='$${TAR-tar} xf -'
ax_enable_builddir_sed='sed'
bindir='${exec_prefix}/bin'
build='x86_64-pc-linux-gnu'
build_alias='x86_64-pc-linux-gnu'
build_cpu='x86_64'
build_os='linux-gnu'
build_vendor='pc'
datadir='${datarootdir}'
datarootdir='${prefix}/share'
docdir='${datarootdir}/doc/${PACKAGE_TARNAME}'
dvidir='${docdir}'
exec_prefix='/usr'
host='loongarch32r-buildroot-linux-gnu'
host_alias='loongarch32r-buildroot-linux-gnu'
host_cpu='loongarch32r'
host_os='linux-gnu'
host_vendor='buildroot'
htmldir='${docdir}'
includedir='${prefix}/include'
infodir='${datarootdir}/info'
install_sh='${SHELL} /home/pigkiller/LoongArch/OS/buildroot/output/build/libffi-3.4.6/install-sh'
libdir='${exec_prefix}/lib'
libexecdir='${exec_prefix}/libexec'
localedir='${datarootdir}/locale'
localstatedir='/var'
mandir='${datarootdir}/man'
mkdir_p='$(MKDIR_P)'
oldincludedir='/usr/include'
pdfdir='${docdir}'
prefix='/usr'
program_transform_name='s&^&&'
psdir='${docdir}'
runstatedir='${localstatedir}/run'
sbindir='${exec_prefix}/sbin'
sharedstatedir='${prefix}/com'
sys_symbol_underscore=''
sysconfdir='/etc'
target='loongarch32r-buildroot-linux-gnu'
target_alias='loongarch32r-buildroot-linux-gnu'
target_cpu='loongarch32r'
target_os='linux-gnu'
target_vendor='buildroot'
tmake_file=''
toolexecdir=''
toolexeclibdir=''

## ----------- ##
## confdefs.h. ##
## ----------- ##

/* confdefs.h */
#define PACKAGE_NAME "libffi"
#define PACKAGE_TARNAME "libffi"
#define PACKAGE_VERSION "3.4.6"
#define PACKAGE_STRING "libffi 3.4.6"
#define PACKAGE_BUGREPORT "http://github.com/libffi/libffi/issues"
#define PACKAGE_URL ""
#define PACKAGE "libffi"
#define VERSION "3.4.6"
#define HAVE_STDIO_H 1
#define HAVE_STDLIB_H 1
#define HAVE_STRING_H 1
#define HAVE_INTTYPES_H 1
#define HAVE_STDINT_H 1
#define HAVE_STRINGS_H 1
#define HAVE_SYS_STAT_H 1
#define HAVE_SYS_TYPES_H 1
#define HAVE_UNISTD_H 1
#define STDC_HEADERS 1
#define HAVE_DLFCN_H 1
#define LT_OBJDIR ".libs/"
#define SIZEOF_SIZE_T 4
#define HAVE_MEMFD_CREATE 1

configure: exit 1

## ---------------- ##
## Cache variables. ##
## ---------------- ##

ac_cv_build=x86_64-pc-linux-gnu
ac_cv_c_bigendian=no
ac_cv_env_CCASFLAGS_set=
ac_cv_env_CCASFLAGS_value=
ac_cv_env_CCAS_set=
ac_cv_env_CCAS_value=
ac_cv_env_CPPFLAGS_set=set
ac_cv_env_CPPFLAGS_value='-D_LARGEFILE_SOURCE -D_LARGEFILE64_SOURCE -D_FILE_OFFSET_BITS=64'
ac_cv_env_CXXCPP_set=
ac_cv_env_CXXCPP_value=
ac_cv_env_LT_SYS_LIBRARY_PATH_set=
ac_cv_env_LT_SYS_LIBRARY_PATH_value=
ac_cv_env_build_alias_set=set
ac_cv_env_build_alias_value=x86_64-pc-linux-gnu
ac_cv_env_host_alias_set=set
ac_cv_env_host_alias_value=loongarch32r-buildroot-linux-gnu
ac_cv_env_target_alias_set=set
ac_cv_env_target_alias_value=loongarch32r-buildroot-linux-gnu
ac_cv_func_calloc_0_nonnull=yes
ac_cv_func_malloc_0_nonnull=yes
ac_cv_func_memcmp_working=yes
ac_cv_func_mmap_fixed_mapped=yes
ac_cv_func_realloc_0_nonnull=yes
ac_cv_have_decl_malloc=yes
ac_cv_host=loongarch32r-buildroot-linux-gnu
ac_cv_lbl_unaligned_fail=yes
ac_cv_target=loongarch32r-buildroot-linux-gnu
gl_cv_func_malloc_0_nonnull=yes
lt_cv_sys_lib_search_path_spec=

## ----------------- ##
## Output variables. ##
## ----------------- ##

ACLOCAL=''
AMDEPBACKSLASH=''
AMDEP_FALSE=''
AMDEP_TRUE=''
AMTAR=''
AM_BACKSLASH=''
AM_DEFAULT_V=''
AM_DEFAULT_VERBOSITY=''
AM_LTLDFLAGS=''
AM_RUNTESTFLAGS=''
AM_V=''
AR='/home/pigkiller/LoongArch/OS/buildroot/output/host/bin/loongarch32r-linux-gnusf-ar'
AUTOCONF=''
AUTOHEADER=''
AUTOMAKE=''
AWK=''
BUILD_DOCS_FALSE=''
BUILD_DOCS_TRUE=''
CC='/home/pigkiller/LoongArch/OS/buildroot/output/host/bin/loongarch32r-linux-gnusf-gcc'
CCAS=''
CCASDEPMODE=''
CCASFLAGS=''
CCDEPMODE=''
CFLAGS='-D_LARGEFILE_SOURCE -D_LARGEFILE64_SOURCE -D_FILE_OFFSET_BITS=64  -O2 -g0 -D_FORTIFY_SOURCE=1'
CPPFLAGS='-D_LARGEFILE_SOURCE -D_LARGEFILE64_SOURCE -D_FILE_OFFSET_BITS=64'
CSCOPE=''
CTAGS=''
CXX='/home/pigkiller/LoongArch/OS/buildroot/output/host/bin/loongarch32r-linux-gnusf-g++'
CXXCPP=''
CXXDEPMODE=''
CXXFLAGS='-D_LARGEFILE_SOURCE -D_LARGEFILE64_SOURCE -D_FILE_OFFSET_BITS=64  -O2 -g0 -D_FORTIFY_SOURCE=1'
CYGPATH_W=''
DEFS=''
DEPDIR=''
DLLTOOL=''
DSYMUTIL=''
DUMPBIN=''
ECHO_C=''
ECHO_N='-n'
ECHO_T=''
EGREP=''
ETAGS=''
EXEEXT=''
FFI_DEBUG_FALSE=''
FFI_DEBUG_TRUE=''
FFI_EXEC_TRAMPOLINE_TABLE=''
FFI_EXEC_TRAMPOLINE_TABLE_FALSE=''
FFI_EXEC_TRAMPOLINE_TABLE_TRUE=''
FGREP=''
GREP=''
HAVE_LONG_DOUBLE=''
HAVE_LONG_DOUBLE_VARIANT=''
INSTALL_DATA=''
INSTALL_PROGRAM=''
INSTALL_SCRIPT=''
INSTALL_STRIP_PROGRAM=''
LD='/home/pigkiller/LoongArch/OS/buildroot/output/host/bin/loongarch32r-linux-gnusf-ld'
LDFLAGS=''
LIBFFI_BUILD_VERSIONED_SHLIB_FALSE=''
LIBFFI_BUILD_VERSIONED_SHLIB_GNU_FALSE=''
LIBFFI_BUILD_VERSIONED_SHLIB_GNU_TRUE=''
LIBFFI_BUILD_VERSIONED_SHLIB_SUN_FALSE=''
LIBFFI_BUILD_VERSIONED_SHLIB_SUN_TRUE=''
LIBFFI_BUILD_VERSIONED_SHLIB_TRUE=''
LIBOBJS=''
LIBS=''
LIBTOOL=''
LIPO=''
LN_S=''
LTLIBOBJS=''
LT_SYS_LIBRARY_PATH=''
MAINT=''
MAINTAINER_MODE_FALSE=''
MAINTAINER_MODE_TRUE=''
MAKEINFO=''
MANIFEST_TOOL=''
MKDIR_P=''
NM='/home/pigkiller/LoongArch/OS/buildroot/output/host/bin/loongarch32r-linux-gnusf-nm'
NMEDIT=''
OBJDUMP='/home/pigkiller/LoongArch/OS/buildroot/output/host/bin/loongarch32r-linux-gnusf-objdump'
OBJEXT=''
OPT_LDFLAGS=''
OTOOL64=''
OTOOL=''
PACKAGE=''
PACKAGE_BUGREPORT='http://github.com/libffi/libffi/issues'
PACKAGE_NAME='libffi'
PACKAGE_STRING='libffi 3.4.6'
PACKAGE_TARNAME='libffi'
PACKAGE_URL=''
PACKAGE_VERSION='3.4.6'
PATH_SEPARATOR=':'
PRTDIAG=''
RANLIB='/home/pigkiller/LoongArch/OS/buildroot/output/host/bin/loongarch32r-linux-gnusf-ranlib'
READELF='/home/pigkiller/LoongArch/OS/buildroot/output/host/bin/loongarch32r-linux-gnusf-readelf'
SECTION_LDFLAGS=''
SED=''
SET_MAKE=''
SHELL='/bin/bash'
STRIP='/home/pigkiller/LoongArch/OS/buildroot/output/host/bin/loongarch32r-linux-gnusf-strip'
TARGET='loongarch32r-buildroot-linux-gnu'
TARGETDIR=''
TARGET_OBJ=''
TESTSUBDIR_FALSE=''
TESTSUBDIR_TRUE=''
VERSION=''
ac_ct_AR=''
ac_ct_CC=''
ac_ct_CXX=''
ac_ct_DUMPBIN=''
am__EXEEXT_FALSE=''
am__EXEEXT_TRUE=''
am__fastdepCCAS_FALSE=''
am__fastdepCCAS_TRUE=''
am__fastdepCC_FALSE=''
am__fastdepCC_TRUE=''
am__fastdepCXX_FALSE=''
am__fastdepCXX_TRUE=''
am__include=''
am__isrc=''
am__leading_dot=''
am__nodep=''
am__quote=''
am__tar=''
am__untar=''
ax_enable_builddir_sed=''
bindir='${exec_prefix}/bin'
build='x86_64-pc-linux-gnu'
build_alias='x86_64-pc-linux-gnu'
build_cpu='x86_64'
build_os='linux-gnu'
build_vendor='pc'
datadir='${datarootdir}'
datarootdir='${prefix}/share'
docdir='${datarootdir}/doc/${PACKAGE_TARNAME}'
dvidir='${docdir}'
exec_prefix='/usr'
host='loongarch32r-buildroot-linux-gnu'
host_alias='loongarch32r-buildroot-linux-gnu'
host_cpu='loongarch32r'
host_os='linux-gnu'
host_vendor='buildroot'
htmldir='${docdir}'
includedir='${prefix}/include'
infodir='${datarootdir}/info'
install_sh=''
libdir='${exec_prefix}/lib'
libexecdir='${exec_prefix}/libexec'
localedir='${datarootdir}/locale'
localstatedir='/var'
mandir='${datarootdir}/man'
mkdir_p=''
oldincludedir='/usr/include'
pdfdir='${docdir}'
prefix='/usr'
program_transform_name='s,x,x,'
psdir='${docdir}'
runstatedir='${localstatedir}/run'
sbindir='${exec_prefix}/sbin'
sharedstatedir='${prefix}/com'
sys_symbol_underscore=''
sysconfdir='/etc'
target='loongarch32r-buildroot-linux-gnu'
target_alias='loongarch32r-buildroot-linux-gnu'
target_cpu='loongarch32r'
target_os='linux-gnu'
target_vendor='buildroot'
tmake_file=''
toolexecdir=''
toolexeclibdir=''

configure: exit 1
